-------------------------------------------------------------------------------
Test set: com.diplomproject.barbecueshop.BarbecueshopApplicationTests
-------------------------------------------------------------------------------
Tests run: 1, Failures: 0, Errors: 1, Skipped: 0, Time elapsed: 15.494 s <<< FAILURE! - in com.diplomproject.barbecueshop.BarbecueshopApplicationTests
contextLoads  Time elapsed: 0.001 s  <<< ERROR!
java.lang.IllegalStateException: Failed to load ApplicationContext
Caused by: org.springframework.beans.factory.UnsatisfiedDependencyException: Error creating bean with name 'deliveryOrderController' defined in file [C:\Users\Мария\Desktop\barbecueshop\target\classes\com\diplomproject\barbecueshop\controler\DeliveryOrderController.class]: Unsatisfied dependency expressed through constructor parameter 0; nested exception is org.springframework.beans.factory.UnsatisfiedDependencyException: Error creating bean with name 'deliveryOrderService' defined in file [C:\Users\Мария\Desktop\barbecueshop\target\classes\com\diplomproject\barbecueshop\services\DeliveryOrderService.class]: Unsatisfied dependency expressed through constructor parameter 1; nested exception is org.springframework.beans.factory.UnsatisfiedDependencyException: Error creating bean with name 'orderService' defined in file [C:\Users\Мария\Desktop\barbecueshop\target\classes\com\diplomproject\barbecueshop\services\OrderService.class]: Unsatisfied dependency expressed through constructor parameter 1; nested exception is org.springframework.beans.factory.UnsatisfiedDependencyException: Error creating bean with name 'userService' defined in file [C:\Users\Мария\Desktop\barbecueshop\target\classes\com\diplomproject\barbecueshop\services\UserService.class]: Unsatisfied dependency expressed through constructor parameter 0; nested exception is org.springframework.beans.factory.BeanCreationException: Error creating bean with name 'userRepository' defined in com.diplomproject.barbecueshop.repository.UserRepository defined in @EnableJpaRepositories declared on JpaRepositoriesRegistrar.EnableJpaRepositoriesConfiguration: Invocation of init method failed; nested exception is org.springframework.data.repository.query.QueryCreationException: Could not create query for public abstract com.diplomproject.barbecueshop.model.User com.diplomproject.barbecueshop.repository.UserRepository.findUserByLoginAndDeletedFalse(java.lang.String); Reason: Failed to create query for method public abstract com.diplomproject.barbecueshop.model.User com.diplomproject.barbecueshop.repository.UserRepository.findUserByLoginAndDeletedFalse(java.lang.String)! Unable to locate Attribute  with the the given name [deleted] on this ManagedType [com.diplomproject.barbecueshop.model.GenericModel]; nested exception is java.lang.IllegalArgumentException: Failed to create query for method public abstract com.diplomproject.barbecueshop.model.User com.diplomproject.barbecueshop.repository.UserRepository.findUserByLoginAndDeletedFalse(java.lang.String)! Unable to locate Attribute  with the the given name [deleted] on this ManagedType [com.diplomproject.barbecueshop.model.GenericModel]
Caused by: org.springframework.beans.factory.UnsatisfiedDependencyException: Error creating bean with name 'deliveryOrderService' defined in file [C:\Users\Мария\Desktop\barbecueshop\target\classes\com\diplomproject\barbecueshop\services\DeliveryOrderService.class]: Unsatisfied dependency expressed through constructor parameter 1; nested exception is org.springframework.beans.factory.UnsatisfiedDependencyException: Error creating bean with name 'orderService' defined in file [C:\Users\Мария\Desktop\barbecueshop\target\classes\com\diplomproject\barbecueshop\services\OrderService.class]: Unsatisfied dependency expressed through constructor parameter 1; nested exception is org.springframework.beans.factory.UnsatisfiedDependencyException: Error creating bean with name 'userService' defined in file [C:\Users\Мария\Desktop\barbecueshop\target\classes\com\diplomproject\barbecueshop\services\UserService.class]: Unsatisfied dependency expressed through constructor parameter 0; nested exception is org.springframework.beans.factory.BeanCreationException: Error creating bean with name 'userRepository' defined in com.diplomproject.barbecueshop.repository.UserRepository defined in @EnableJpaRepositories declared on JpaRepositoriesRegistrar.EnableJpaRepositoriesConfiguration: Invocation of init method failed; nested exception is org.springframework.data.repository.query.QueryCreationException: Could not create query for public abstract com.diplomproject.barbecueshop.model.User com.diplomproject.barbecueshop.repository.UserRepository.findUserByLoginAndDeletedFalse(java.lang.String); Reason: Failed to create query for method public abstract com.diplomproject.barbecueshop.model.User com.diplomproject.barbecueshop.repository.UserRepository.findUserByLoginAndDeletedFalse(java.lang.String)! Unable to locate Attribute  with the the given name [deleted] on this ManagedType [com.diplomproject.barbecueshop.model.GenericModel]; nested exception is java.lang.IllegalArgumentException: Failed to create query for method public abstract com.diplomproject.barbecueshop.model.User com.diplomproject.barbecueshop.repository.UserRepository.findUserByLoginAndDeletedFalse(java.lang.String)! Unable to locate Attribute  with the the given name [deleted] on this ManagedType [com.diplomproject.barbecueshop.model.GenericModel]
Caused by: org.springframework.beans.factory.UnsatisfiedDependencyException: Error creating bean with name 'orderService' defined in file [C:\Users\Мария\Desktop\barbecueshop\target\classes\com\diplomproject\barbecueshop\services\OrderService.class]: Unsatisfied dependency expressed through constructor parameter 1; nested exception is org.springframework.beans.factory.UnsatisfiedDependencyException: Error creating bean with name 'userService' defined in file [C:\Users\Мария\Desktop\barbecueshop\target\classes\com\diplomproject\barbecueshop\services\UserService.class]: Unsatisfied dependency expressed through constructor parameter 0; nested exception is org.springframework.beans.factory.BeanCreationException: Error creating bean with name 'userRepository' defined in com.diplomproject.barbecueshop.repository.UserRepository defined in @EnableJpaRepositories declared on JpaRepositoriesRegistrar.EnableJpaRepositoriesConfiguration: Invocation of init method failed; nested exception is org.springframework.data.repository.query.QueryCreationException: Could not create query for public abstract com.diplomproject.barbecueshop.model.User com.diplomproject.barbecueshop.repository.UserRepository.findUserByLoginAndDeletedFalse(java.lang.String); Reason: Failed to create query for method public abstract com.diplomproject.barbecueshop.model.User com.diplomproject.barbecueshop.repository.UserRepository.findUserByLoginAndDeletedFalse(java.lang.String)! Unable to locate Attribute  with the the given name [deleted] on this ManagedType [com.diplomproject.barbecueshop.model.GenericModel]; nested exception is java.lang.IllegalArgumentException: Failed to create query for method public abstract com.diplomproject.barbecueshop.model.User com.diplomproject.barbecueshop.repository.UserRepository.findUserByLoginAndDeletedFalse(java.lang.String)! Unable to locate Attribute  with the the given name [deleted] on this ManagedType [com.diplomproject.barbecueshop.model.GenericModel]
Caused by: org.springframework.beans.factory.UnsatisfiedDependencyException: Error creating bean with name 'userService' defined in file [C:\Users\Мария\Desktop\barbecueshop\target\classes\com\diplomproject\barbecueshop\services\UserService.class]: Unsatisfied dependency expressed through constructor parameter 0; nested exception is org.springframework.beans.factory.BeanCreationException: Error creating bean with name 'userRepository' defined in com.diplomproject.barbecueshop.repository.UserRepository defined in @EnableJpaRepositories declared on JpaRepositoriesRegistrar.EnableJpaRepositoriesConfiguration: Invocation of init method failed; nested exception is org.springframework.data.repository.query.QueryCreationException: Could not create query for public abstract com.diplomproject.barbecueshop.model.User com.diplomproject.barbecueshop.repository.UserRepository.findUserByLoginAndDeletedFalse(java.lang.String); Reason: Failed to create query for method public abstract com.diplomproject.barbecueshop.model.User com.diplomproject.barbecueshop.repository.UserRepository.findUserByLoginAndDeletedFalse(java.lang.String)! Unable to locate Attribute  with the the given name [deleted] on this ManagedType [com.diplomproject.barbecueshop.model.GenericModel]; nested exception is java.lang.IllegalArgumentException: Failed to create query for method public abstract com.diplomproject.barbecueshop.model.User com.diplomproject.barbecueshop.repository.UserRepository.findUserByLoginAndDeletedFalse(java.lang.String)! Unable to locate Attribute  with the the given name [deleted] on this ManagedType [com.diplomproject.barbecueshop.model.GenericModel]
Caused by: org.springframework.beans.factory.BeanCreationException: Error creating bean with name 'userRepository' defined in com.diplomproject.barbecueshop.repository.UserRepository defined in @EnableJpaRepositories declared on JpaRepositoriesRegistrar.EnableJpaRepositoriesConfiguration: Invocation of init method failed; nested exception is org.springframework.data.repository.query.QueryCreationException: Could not create query for public abstract com.diplomproject.barbecueshop.model.User com.diplomproject.barbecueshop.repository.UserRepository.findUserByLoginAndDeletedFalse(java.lang.String); Reason: Failed to create query for method public abstract com.diplomproject.barbecueshop.model.User com.diplomproject.barbecueshop.repository.UserRepository.findUserByLoginAndDeletedFalse(java.lang.String)! Unable to locate Attribute  with the the given name [deleted] on this ManagedType [com.diplomproject.barbecueshop.model.GenericModel]; nested exception is java.lang.IllegalArgumentException: Failed to create query for method public abstract com.diplomproject.barbecueshop.model.User com.diplomproject.barbecueshop.repository.UserRepository.findUserByLoginAndDeletedFalse(java.lang.String)! Unable to locate Attribute  with the the given name [deleted] on this ManagedType [com.diplomproject.barbecueshop.model.GenericModel]
Caused by: org.springframework.data.repository.query.QueryCreationException: Could not create query for public abstract com.diplomproject.barbecueshop.model.User com.diplomproject.barbecueshop.repository.UserRepository.findUserByLoginAndDeletedFalse(java.lang.String); Reason: Failed to create query for method public abstract com.diplomproject.barbecueshop.model.User com.diplomproject.barbecueshop.repository.UserRepository.findUserByLoginAndDeletedFalse(java.lang.String)! Unable to locate Attribute  with the the given name [deleted] on this ManagedType [com.diplomproject.barbecueshop.model.GenericModel]; nested exception is java.lang.IllegalArgumentException: Failed to create query for method public abstract com.diplomproject.barbecueshop.model.User com.diplomproject.barbecueshop.repository.UserRepository.findUserByLoginAndDeletedFalse(java.lang.String)! Unable to locate Attribute  with the the given name [deleted] on this ManagedType [com.diplomproject.barbecueshop.model.GenericModel]
Caused by: java.lang.IllegalArgumentException: Failed to create query for method public abstract com.diplomproject.barbecueshop.model.User com.diplomproject.barbecueshop.repository.UserRepository.findUserByLoginAndDeletedFalse(java.lang.String)! Unable to locate Attribute  with the the given name [deleted] on this ManagedType [com.diplomproject.barbecueshop.model.GenericModel]
Caused by: java.lang.IllegalArgumentException: Unable to locate Attribute  with the the given name [deleted] on this ManagedType [com.diplomproject.barbecueshop.model.GenericModel]

