-------------------------------------------------------------------------------
Test set: com.diplomproject.barbecueshop.rest.controller.ProductControllerTest
-------------------------------------------------------------------------------
Tests run: 1, Failures: 0, Errors: 1, Skipped: 0, Time elapsed: 20.478 s <<< FAILURE! - in com.diplomproject.barbecueshop.rest.controller.ProductControllerTest
com.diplomproject.barbecueshop.rest.controller.ProductControllerTest  Time elapsed: 20.478 s  <<< ERROR!
java.lang.IllegalStateException: Failed to load ApplicationContext
Caused by: org.springframework.context.ApplicationContextException: Unable to start web server; nested exception is org.springframework.boot.web.server.WebServerException: Unable to start embedded Tomcat
Caused by: org.springframework.boot.web.server.WebServerException: Unable to start embedded Tomcat
Caused by: org.springframework.beans.factory.UnsatisfiedDependencyException: Error creating bean with name 'jwtTokenFilter' defined in file [C:\Users\Мария\Desktop\barbecueshop\target\classes\com\diplomproject\barbecueshop\security\JwtTokenFilter.class]: Unsatisfied dependency expressed through constructor parameter 1; nested exception is org.springframework.beans.factory.UnsatisfiedDependencyException: Error creating bean with name 'customUserDetailsService' defined in file [C:\Users\Мария\Desktop\barbecueshop\target\classes\com\diplomproject\barbecueshop\services\userDetails\CustomUserDetailsService.class]: Unsatisfied dependency expressed through constructor parameter 0; nested exception is org.springframework.beans.factory.BeanCreationException: Error creating bean with name 'userRepository' defined in com.diplomproject.barbecueshop.repository.UserRepository defined in @EnableJpaRepositories declared on JpaRepositoriesRegistrar.EnableJpaRepositoriesConfiguration: Invocation of init method failed; nested exception is org.springframework.data.repository.query.QueryCreationException: Could not create query for public abstract com.diplomproject.barbecueshop.model.User com.diplomproject.barbecueshop.repository.UserRepository.findUserByLoginAndDeletedFalse(java.lang.String); Reason: Failed to create query for method public abstract com.diplomproject.barbecueshop.model.User com.diplomproject.barbecueshop.repository.UserRepository.findUserByLoginAndDeletedFalse(java.lang.String)! Unable to locate Attribute  with the the given name [deleted] on this ManagedType [com.diplomproject.barbecueshop.model.GenericModel]; nested exception is java.lang.IllegalArgumentException: Failed to create query for method public abstract com.diplomproject.barbecueshop.model.User com.diplomproject.barbecueshop.repository.UserRepository.findUserByLoginAndDeletedFalse(java.lang.String)! Unable to locate Attribute  with the the given name [deleted] on this ManagedType [com.diplomproject.barbecueshop.model.GenericModel]
Caused by: org.springframework.beans.factory.UnsatisfiedDependencyException: Error creating bean with name 'customUserDetailsService' defined in file [C:\Users\Мария\Desktop\barbecueshop\target\classes\com\diplomproject\barbecueshop\services\userDetails\CustomUserDetailsService.class]: Unsatisfied dependency expressed through constructor parameter 0; nested exception is org.springframework.beans.factory.BeanCreationException: Error creating bean with name 'userRepository' defined in com.diplomproject.barbecueshop.repository.UserRepository defined in @EnableJpaRepositories declared on JpaRepositoriesRegistrar.EnableJpaRepositoriesConfiguration: Invocation of init method failed; nested exception is org.springframework.data.repository.query.QueryCreationException: Could not create query for public abstract com.diplomproject.barbecueshop.model.User com.diplomproject.barbecueshop.repository.UserRepository.findUserByLoginAndDeletedFalse(java.lang.String); Reason: Failed to create query for method public abstract com.diplomproject.barbecueshop.model.User com.diplomproject.barbecueshop.repository.UserRepository.findUserByLoginAndDeletedFalse(java.lang.String)! Unable to locate Attribute  with the the given name [deleted] on this ManagedType [com.diplomproject.barbecueshop.model.GenericModel]; nested exception is java.lang.IllegalArgumentException: Failed to create query for method public abstract com.diplomproject.barbecueshop.model.User com.diplomproject.barbecueshop.repository.UserRepository.findUserByLoginAndDeletedFalse(java.lang.String)! Unable to locate Attribute  with the the given name [deleted] on this ManagedType [com.diplomproject.barbecueshop.model.GenericModel]
Caused by: org.springframework.beans.factory.BeanCreationException: Error creating bean with name 'userRepository' defined in com.diplomproject.barbecueshop.repository.UserRepository defined in @EnableJpaRepositories declared on JpaRepositoriesRegistrar.EnableJpaRepositoriesConfiguration: Invocation of init method failed; nested exception is org.springframework.data.repository.query.QueryCreationException: Could not create query for public abstract com.diplomproject.barbecueshop.model.User com.diplomproject.barbecueshop.repository.UserRepository.findUserByLoginAndDeletedFalse(java.lang.String); Reason: Failed to create query for method public abstract com.diplomproject.barbecueshop.model.User com.diplomproject.barbecueshop.repository.UserRepository.findUserByLoginAndDeletedFalse(java.lang.String)! Unable to locate Attribute  with the the given name [deleted] on this ManagedType [com.diplomproject.barbecueshop.model.GenericModel]; nested exception is java.lang.IllegalArgumentException: Failed to create query for method public abstract com.diplomproject.barbecueshop.model.User com.diplomproject.barbecueshop.repository.UserRepository.findUserByLoginAndDeletedFalse(java.lang.String)! Unable to locate Attribute  with the the given name [deleted] on this ManagedType [com.diplomproject.barbecueshop.model.GenericModel]
Caused by: org.springframework.data.repository.query.QueryCreationException: Could not create query for public abstract com.diplomproject.barbecueshop.model.User com.diplomproject.barbecueshop.repository.UserRepository.findUserByLoginAndDeletedFalse(java.lang.String); Reason: Failed to create query for method public abstract com.diplomproject.barbecueshop.model.User com.diplomproject.barbecueshop.repository.UserRepository.findUserByLoginAndDeletedFalse(java.lang.String)! Unable to locate Attribute  with the the given name [deleted] on this ManagedType [com.diplomproject.barbecueshop.model.GenericModel]; nested exception is java.lang.IllegalArgumentException: Failed to create query for method public abstract com.diplomproject.barbecueshop.model.User com.diplomproject.barbecueshop.repository.UserRepository.findUserByLoginAndDeletedFalse(java.lang.String)! Unable to locate Attribute  with the the given name [deleted] on this ManagedType [com.diplomproject.barbecueshop.model.GenericModel]
Caused by: java.lang.IllegalArgumentException: Failed to create query for method public abstract com.diplomproject.barbecueshop.model.User com.diplomproject.barbecueshop.repository.UserRepository.findUserByLoginAndDeletedFalse(java.lang.String)! Unable to locate Attribute  with the the given name [deleted] on this ManagedType [com.diplomproject.barbecueshop.model.GenericModel]
Caused by: java.lang.IllegalArgumentException: Unable to locate Attribute  with the the given name [deleted] on this ManagedType [com.diplomproject.barbecueshop.model.GenericModel]

