<?xml version="1.0" encoding="UTF-8"?>
<testsuite xmlns:xsi="http://www.w3.org/2001/XMLSchema-instance" xsi:noNamespaceSchemaLocation="https://maven.apache.org/surefire/maven-surefire-plugin/xsd/surefire-test-report.xsd" name="com.diplomproject.barbecueshop.rest.controller.UserControllerTest" time="21.063" tests="1" errors="1" skipped="0" failures="0">
  <properties>
[...]
</properties>
  <testcase name="com.diplomproject.barbecueshop.rest.controller.UserControllerTest" classname="com.diplomproject.barbecueshop.rest.controller.UserControllerTest" time="21.063">
    <error message="Failed to load ApplicationContext" type="java.lang.IllegalStateException">java.lang.IllegalStateException: Failed to load ApplicationContext
Caused by: org.springframework.context.ApplicationContextException: Unable to start web server; nested exception is org.springframework.boot.web.server.WebServerException: Unable to start embedded Tomcat
Caused by: org.springframework.boot.web.server.WebServerException: Unable to start embedded Tomcat
Caused by: org.springframework.beans.factory.UnsatisfiedDependencyException: Error creating bean with name 'jwtTokenFilter' defined in file [C:\Users\Мария\Desktop\barbecueshop\target\classes\com\diplomproject\barbecueshop\security\JwtTokenFilter.class]: Unsatisfied dependency expressed through constructor parameter 1; nested exception is org.springframework.beans.factory.UnsatisfiedDependencyException: Error creating bean with name 'customUserDetailsService' defined in file [C:\Users\Мария\Desktop\barbecueshop\target\classes\com\diplomproject\barbecueshop\services\userDetails\CustomUserDetailsService.class]: Unsatisfied dependency expressed through constructor parameter 0; nested exception is org.springframework.beans.factory.BeanCreationException: Error creating bean with name 'userRepository' defined in com.diplomproject.barbecueshop.repository.UserRepository defined in @EnableJpaRepositories declared on JpaRepositoriesRegistrar.EnableJpaRepositoriesConfiguration: Invocation of init method failed; nested exception is org.springframework.data.repository.query.QueryCreationException: Could not create query for public abstract com.diplomproject.barbecueshop.model.User com.diplomproject.barbecueshop.repository.UserRepository.findUserByLoginAndDeletedFalse(java.lang.String); Reason: Failed to create query for method public abstract com.diplomproject.barbecueshop.model.User com.diplomproject.barbecueshop.repository.UserRepository.findUserByLoginAndDeletedFalse(java.lang.String)! Unable to locate Attribute  with the the given name [deleted] on this ManagedType [com.diplomproject.barbecueshop.model.GenericModel]; nested exception is java.lang.IllegalArgumentException: Failed to create query for method public abstract com.diplomproject.barbecueshop.model.User com.diplomproject.barbecueshop.repository.UserRepository.findUserByLoginAndDeletedFalse(java.lang.String)! Unable to locate Attribute  with the the given name [deleted] on this ManagedType [com.diplomproject.barbecueshop.model.GenericModel]
Caused by: org.springframework.beans.factory.UnsatisfiedDependencyException: Error creating bean with name 'customUserDetailsService' defined in file [C:\Users\Мария\Desktop\barbecueshop\target\classes\com\diplomproject\barbecueshop\services\userDetails\CustomUserDetailsService.class]: Unsatisfied dependency expressed through constructor parameter 0; nested exception is org.springframework.beans.factory.BeanCreationException: Error creating bean with name 'userRepository' defined in com.diplomproject.barbecueshop.repository.UserRepository defined in @EnableJpaRepositories declared on JpaRepositoriesRegistrar.EnableJpaRepositoriesConfiguration: Invocation of init method failed; nested exception is org.springframework.data.repository.query.QueryCreationException: Could not create query for public abstract com.diplomproject.barbecueshop.model.User com.diplomproject.barbecueshop.repository.UserRepository.findUserByLoginAndDeletedFalse(java.lang.String); Reason: Failed to create query for method public abstract com.diplomproject.barbecueshop.model.User com.diplomproject.barbecueshop.repository.UserRepository.findUserByLoginAndDeletedFalse(java.lang.String)! Unable to locate Attribute  with the the given name [deleted] on this ManagedType [com.diplomproject.barbecueshop.model.GenericModel]; nested exception is java.lang.IllegalArgumentException: Failed to create query for method public abstract com.diplomproject.barbecueshop.model.User com.diplomproject.barbecueshop.repository.UserRepository.findUserByLoginAndDeletedFalse(java.lang.String)! Unable to locate Attribute  with the the given name [deleted] on this ManagedType [com.diplomproject.barbecueshop.model.GenericModel]
Caused by: org.springframework.beans.factory.BeanCreationException: Error creating bean with name 'userRepository' defined in com.diplomproject.barbecueshop.repository.UserRepository defined in @EnableJpaRepositories declared on JpaRepositoriesRegistrar.EnableJpaRepositoriesConfiguration: Invocation of init method failed; nested exception is org.springframework.data.repository.query.QueryCreationException: Could not create query for public abstract com.diplomproject.barbecueshop.model.User com.diplomproject.barbecueshop.repository.UserRepository.findUserByLoginAndDeletedFalse(java.lang.String); Reason: Failed to create query for method public abstract com.diplomproject.barbecueshop.model.User com.diplomproject.barbecueshop.repository.UserRepository.findUserByLoginAndDeletedFalse(java.lang.String)! Unable to locate Attribute  with the the given name [deleted] on this ManagedType [com.diplomproject.barbecueshop.model.GenericModel]; nested exception is java.lang.IllegalArgumentException: Failed to create query for method public abstract com.diplomproject.barbecueshop.model.User com.diplomproject.barbecueshop.repository.UserRepository.findUserByLoginAndDeletedFalse(java.lang.String)! Unable to locate Attribute  with the the given name [deleted] on this ManagedType [com.diplomproject.barbecueshop.model.GenericModel]
Caused by: org.springframework.data.repository.query.QueryCreationException: Could not create query for public abstract com.diplomproject.barbecueshop.model.User com.diplomproject.barbecueshop.repository.UserRepository.findUserByLoginAndDeletedFalse(java.lang.String); Reason: Failed to create query for method public abstract com.diplomproject.barbecueshop.model.User com.diplomproject.barbecueshop.repository.UserRepository.findUserByLoginAndDeletedFalse(java.lang.String)! Unable to locate Attribute  with the the given name [deleted] on this ManagedType [com.diplomproject.barbecueshop.model.GenericModel]; nested exception is java.lang.IllegalArgumentException: Failed to create query for method public abstract com.diplomproject.barbecueshop.model.User com.diplomproject.barbecueshop.repository.UserRepository.findUserByLoginAndDeletedFalse(java.lang.String)! Unable to locate Attribute  with the the given name [deleted] on this ManagedType [com.diplomproject.barbecueshop.model.GenericModel]
Caused by: java.lang.IllegalArgumentException: Failed to create query for method public abstract com.diplomproject.barbecueshop.model.User com.diplomproject.barbecueshop.repository.UserRepository.findUserByLoginAndDeletedFalse(java.lang.String)! Unable to locate Attribute  with the the given name [deleted] on this ManagedType [com.diplomproject.barbecueshop.model.GenericModel]
Caused by: java.lang.IllegalArgumentException: Unable to locate Attribute  with the the given name [deleted] on this ManagedType [com.diplomproject.barbecueshop.model.GenericModel]
</error>
    <system-out><![CDATA[2023-09-21 02:21:49.153  INFO 21560 --- [           main] .b.t.c.SpringBootTestContextBootstrapper : Neither @ContextConfiguration nor @ContextHierarchy found for test class [com.diplomproject.barbecueshop.rest.controller.UserControllerTest], using SpringBootContextLoader
2023-09-21 02:21:49.153  INFO 21560 --- [           main] o.s.t.c.support.AbstractContextLoader    : Could not detect default resource locations for test class [com.diplomproject.barbecueshop.rest.controller.UserControllerTest]: no resource found for suffixes {-context.xml, Context.groovy}.
2023-09-21 02:21:49.154  INFO 21560 --- [           main] t.c.s.AnnotationConfigContextLoaderUtils : Could not detect default configuration classes for test class [com.diplomproject.barbecueshop.rest.controller.UserControllerTest]: UserControllerTest does not declare any static, non-private, non-final, nested classes annotated with @Configuration.
2023-09-21 02:21:49.156  INFO 21560 --- [           main] .b.t.c.SpringBootTestContextBootstrapper : Found @SpringBootConfiguration com.diplomproject.barbecueshop.BarbecueshopApplication for test class com.diplomproject.barbecueshop.rest.controller.UserControllerTest
2023-09-21 02:21:49.157  INFO 21560 --- [           main] .b.t.c.SpringBootTestContextBootstrapper : Loaded default TestExecutionListener class names from location [META-INF/spring.factories]: [org.springframework.security.test.context.support.WithSecurityContextTestExecutionListener, org.springframework.security.test.context.support.ReactorContextTestExecutionListener, org.springframework.test.context.web.ServletTestExecutionListener, org.springframework.test.context.support.DirtiesContextBeforeModesTestExecutionListener, org.springframework.test.context.event.ApplicationEventsTestExecutionListener, org.springframework.test.context.support.DependencyInjectionTestExecutionListener, org.springframework.test.context.support.DirtiesContextTestExecutionListener, org.springframework.test.context.transaction.TransactionalTestExecutionListener, org.springframework.test.context.jdbc.SqlScriptsTestExecutionListener, org.springframework.test.context.event.EventPublishingTestExecutionListener, org.springframework.boot.test.mock.mockito.MockitoTestExecutionListener, org.springframework.boot.test.mock.mockito.ResetMocksTestExecutionListener, org.springframework.boot.test.autoconfigure.restdocs.RestDocsTestExecutionListener, org.springframework.boot.test.autoconfigure.web.client.MockRestServiceServerResetTestExecutionListener, org.springframework.boot.test.autoconfigure.web.servlet.MockMvcPrintOnlyOnFailureTestExecutionListener, org.springframework.boot.test.autoconfigure.web.servlet.WebDriverTestExecutionListener, org.springframework.boot.test.autoconfigure.webservices.client.MockWebServiceServerTestExecutionListener]
2023-09-21 02:21:49.158  INFO 21560 --- [           main] .b.t.c.SpringBootTestContextBootstrapper : Using TestExecutionListeners: [org.springframework.test.context.web.ServletTestExecutionListener@4b7feb38, org.springframework.test.context.support.DirtiesContextBeforeModesTestExecutionListener@6e04275e, org.springframework.test.context.event.ApplicationEventsTestExecutionListener@700f356b, org.springframework.boot.test.mock.mockito.MockitoTestExecutionListener@453ef145, org.springframework.boot.test.autoconfigure.SpringBootDependencyInjectionTestExecutionListener@712ce4f1, org.springframework.test.context.support.DirtiesContextTestExecutionListener@3edd135d, org.springframework.test.context.transaction.TransactionalTestExecutionListener@3770dd80, org.springframework.test.context.jdbc.SqlScriptsTestExecutionListener@5f6b6f2, org.springframework.security.test.context.support.WithSecurityContextTestExecutionListener@136bd1d1, org.springframework.test.context.event.EventPublishingTestExecutionListener@45fa7f1a, org.springframework.security.test.context.support.ReactorContextTestExecutionListener@74d736f8, org.springframework.boot.test.mock.mockito.ResetMocksTestExecutionListener@44264fb6, org.springframework.boot.test.autoconfigure.restdocs.RestDocsTestExecutionListener@90efbba, org.springframework.boot.test.autoconfigure.web.client.MockRestServiceServerResetTestExecutionListener@1f9a472e, org.springframework.boot.test.autoconfigure.web.servlet.MockMvcPrintOnlyOnFailureTestExecutionListener@52b7d2d3, org.springframework.boot.test.autoconfigure.web.servlet.WebDriverTestExecutionListener@249a7ccc, org.springframework.boot.test.autoconfigure.webservices.client.MockWebServiceServerTestExecutionListener@5ab780ce]

  .   ____          _            __ _ _
 /\\ / ___'_ __ _ _(_)_ __  __ _ \ \ \ \
( ( )\___ | '_ | '_| | '_ \/ _` | \ \ \ \
 \\/  ___)| |_)| | | | | || (_| |  ) ) ) )
  '  |____| .__|_| |_|_| |_\__, | / / / /
 =========|_|==============|___/=/_/_/_/
 :: Spring Boot ::                (v2.7.7)

2023-09-21 02:21:49.195  INFO 21560 --- [           main] c.d.b.r.controller.UserControllerTest    : Starting UserControllerTest using Java 13.0.14 on HOME-PC with PID 21560 (started by Мария in C:\Users\Мария\Desktop\barbecueshop)
2023-09-21 02:21:49.195  INFO 21560 --- [           main] c.d.b.r.controller.UserControllerTest    : No active profile set, falling back to 1 default profile: "default"
2023-09-21 02:21:49.461  INFO 21560 --- [           main] .s.d.r.c.RepositoryConfigurationDelegate : Multiple Spring Data modules found, entering strict repository configuration mode
2023-09-21 02:21:49.461  INFO 21560 --- [           main] .s.d.r.c.RepositoryConfigurationDelegate : Bootstrapping Spring Data JDBC repositories in DEFAULT mode.
2023-09-21 02:21:49.480  INFO 21560 --- [           main] .RepositoryConfigurationExtensionSupport : Spring Data JDBC - Could not safely identify store assignment for repository candidate interface com.diplomproject.barbecueshop.repository.DeliveryOrderRepository; If you want this repository to be a JDBC repository, consider annotating your entities with one of these annotations: org.springframework.data.relational.core.mapping.Table.
2023-09-21 02:21:49.482  INFO 21560 --- [           main] .RepositoryConfigurationExtensionSupport : Spring Data JDBC - Could not safely identify store assignment for repository candidate interface com.diplomproject.barbecueshop.repository.OrderRepository; If you want this repository to be a JDBC repository, consider annotating your entities with one of these annotations: org.springframework.data.relational.core.mapping.Table.
2023-09-21 02:21:49.482  INFO 21560 --- [           main] .RepositoryConfigurationExtensionSupport : Spring Data JDBC - Could not safely identify store assignment for repository candidate interface com.diplomproject.barbecueshop.repository.ProductRepository; If you want this repository to be a JDBC repository, consider annotating your entities with one of these annotations: org.springframework.data.relational.core.mapping.Table.
2023-09-21 02:21:49.483  INFO 21560 --- [           main] .RepositoryConfigurationExtensionSupport : Spring Data JDBC - Could not safely identify store assignment for repository candidate interface com.diplomproject.barbecueshop.repository.ProviderRepository; If you want this repository to be a JDBC repository, consider annotating your entities with one of these annotations: org.springframework.data.relational.core.mapping.Table.
2023-09-21 02:21:49.484  INFO 21560 --- [           main] .RepositoryConfigurationExtensionSupport : Spring Data JDBC - Could not safely identify store assignment for repository candidate interface com.diplomproject.barbecueshop.repository.RoleRepository; If you want this repository to be a JDBC repository, consider annotating your entities with one of these annotations: org.springframework.data.relational.core.mapping.Table.
2023-09-21 02:21:49.484  INFO 21560 --- [           main] .RepositoryConfigurationExtensionSupport : Spring Data JDBC - Could not safely identify store assignment for repository candidate interface com.diplomproject.barbecueshop.repository.UserRepository; If you want this repository to be a JDBC repository, consider annotating your entities with one of these annotations: org.springframework.data.relational.core.mapping.Table.
2023-09-21 02:21:49.484  INFO 21560 --- [           main] .s.d.r.c.RepositoryConfigurationDelegate : Finished Spring Data repository scanning in 22 ms. Found 0 JDBC repository interfaces.
2023-09-21 02:21:49.489  INFO 21560 --- [           main] .s.d.r.c.RepositoryConfigurationDelegate : Multiple Spring Data modules found, entering strict repository configuration mode
2023-09-21 02:21:49.499  INFO 21560 --- [           main] .s.d.r.c.RepositoryConfigurationDelegate : Bootstrapping Spring Data JPA repositories in DEFAULT mode.
2023-09-21 02:21:49.538  INFO 21560 --- [           main] .s.d.r.c.RepositoryConfigurationDelegate : Finished Spring Data repository scanning in 37 ms. Found 6 JPA repository interfaces.
2023-09-21 02:21:49.699  INFO 21560 --- [           main] o.s.b.w.embedded.tomcat.TomcatWebServer  : Tomcat initialized with port(s): 0 (http)
2023-09-21 02:21:49.700  INFO 21560 --- [           main] o.apache.catalina.core.StandardService   : Starting service [Tomcat]
2023-09-21 02:21:49.700  INFO 21560 --- [           main] org.apache.catalina.core.StandardEngine  : Starting Servlet engine: [Apache Tomcat/9.0.70]
2023-09-21 02:21:49.724  INFO 21560 --- [           main] o.a.c.c.C.[Tomcat-6].[localhost].[/]     : Initializing Spring embedded WebApplicationContext
2023-09-21 02:21:49.724  INFO 21560 --- [           main] w.s.c.ServletWebServerApplicationContext : Root WebApplicationContext: initialization completed in 528 ms
2023-09-21 02:21:49.880  INFO 21560 --- [           main] o.hibernate.jpa.internal.util.LogHelper  : HHH000204: Processing PersistenceUnitInfo [name: default]
2023-09-21 02:21:49.889  INFO 21560 --- [           main] com.zaxxer.hikari.HikariDataSource       : HikariPool-8 - Starting...
2023-09-21 02:21:52.087  INFO 21560 --- [           main] com.zaxxer.hikari.HikariDataSource       : HikariPool-8 - Start completed.
2023-09-21 02:21:52.087  INFO 21560 --- [           main] org.hibernate.dialect.Dialect            : HHH000400: Using dialect: org.hibernate.dialect.PostgreSQLDialect
2023-09-21 02:21:52.462  WARN 21560 --- [           main] o.h.b.i.InFlightMetadataCollectorImpl    : HHH000069: Duplicate generator name default_generator
2023-09-21 02:21:52.463  WARN 21560 --- [           main] o.h.b.i.InFlightMetadataCollectorImpl    : HHH000069: Duplicate generator name default_generator
2023-09-21 02:21:52.464  WARN 21560 --- [           main] o.h.b.i.InFlightMetadataCollectorImpl    : HHH000069: Duplicate generator name default_generator
2023-09-21 02:21:52.466  WARN 21560 --- [           main] o.h.b.i.InFlightMetadataCollectorImpl    : HHH000069: Duplicate generator name default_generator
2023-09-21 02:21:58.742  INFO 21560 --- [           main] o.h.e.t.j.p.i.JtaPlatformInitiator       : HHH000490: Using JtaPlatform implementation: [org.hibernate.engine.transaction.jta.platform.internal.NoJtaPlatform]
2023-09-21 02:21:58.743  INFO 21560 --- [           main] j.LocalContainerEntityManagerFactoryBean : Initialized JPA EntityManagerFactory for persistence unit 'default'
2023-09-21 02:21:58.818 ERROR 21560 --- [           main] o.s.b.web.embedded.tomcat.TomcatStarter  : Error starting Tomcat context. Exception: org.springframework.beans.factory.UnsatisfiedDependencyException. Message: Error creating bean with name 'jwtTokenFilter' defined in file [C:\Users\Мария\Desktop\barbecueshop\target\classes\com\diplomproject\barbecueshop\security\JwtTokenFilter.class]: Unsatisfied dependency expressed through constructor parameter 1; nested exception is org.springframework.beans.factory.UnsatisfiedDependencyException: Error creating bean with name 'customUserDetailsService' defined in file [C:\Users\Мария\Desktop\barbecueshop\target\classes\com\diplomproject\barbecueshop\services\userDetails\CustomUserDetailsService.class]: Unsatisfied dependency expressed through constructor parameter 0; nested exception is org.springframework.beans.factory.BeanCreationException: Error creating bean with name 'userRepository' defined in com.diplomproject.barbecueshop.repository.UserRepository defined in @EnableJpaRepositories declared on JpaRepositoriesRegistrar.EnableJpaRepositoriesConfiguration: Invocation of init method failed; nested exception is org.springframework.data.repository.query.QueryCreationException: Could not create query for public abstract com.diplomproject.barbecueshop.model.User com.diplomproject.barbecueshop.repository.UserRepository.findUserByLoginAndDeletedFalse(java.lang.String); Reason: Failed to create query for method public abstract com.diplomproject.barbecueshop.model.User com.diplomproject.barbecueshop.repository.UserRepository.findUserByLoginAndDeletedFalse(java.lang.String)! Unable to locate Attribute  with the the given name [deleted] on this ManagedType [com.diplomproject.barbecueshop.model.GenericModel]; nested exception is java.lang.IllegalArgumentException: Failed to create query for method public abstract com.diplomproject.barbecueshop.model.User com.diplomproject.barbecueshop.repository.UserRepository.findUserByLoginAndDeletedFalse(java.lang.String)! Unable to locate Attribute  with the the given name [deleted] on this ManagedType [com.diplomproject.barbecueshop.model.GenericModel]
2023-09-21 02:21:58.823  INFO 21560 --- [           main] o.apache.catalina.core.StandardService   : Stopping service [Tomcat]
2023-09-21 02:21:58.826  WARN 21560 --- [           main] o.a.c.loader.WebappClassLoaderBase       : The web application [ROOT] appears to have started a thread named [HikariPool-8 housekeeper] but has failed to stop it. This is very likely to create a memory leak. Stack trace of thread:
 java.base@13.0.14/jdk.internal.misc.Unsafe.park(Native Method)
 java.base@13.0.14/java.util.concurrent.locks.LockSupport.parkNanos(LockSupport.java:235)
 java.base@13.0.14/java.util.concurrent.locks.AbstractQueuedSynchronizer$ConditionObject.awaitNanos(AbstractQueuedSynchronizer.java:2123)
 java.base@13.0.14/java.util.concurrent.ScheduledThreadPoolExecutor$DelayedWorkQueue.take(ScheduledThreadPoolExecutor.java:1182)
 java.base@13.0.14/java.util.concurrent.ScheduledThreadPoolExecutor$DelayedWorkQueue.take(ScheduledThreadPoolExecutor.java:899)
 java.base@13.0.14/java.util.concurrent.ThreadPoolExecutor.getTask(ThreadPoolExecutor.java:1054)
 java.base@13.0.14/java.util.concurrent.ThreadPoolExecutor.runWorker(ThreadPoolExecutor.java:1114)
 java.base@13.0.14/java.util.concurrent.ThreadPoolExecutor$Worker.run(ThreadPoolExecutor.java:628)
 java.base@13.0.14/java.lang.Thread.run(Thread.java:830)
2023-09-21 02:21:58.827  WARN 21560 --- [           main] o.a.c.loader.WebappClassLoaderBase       : The web application [ROOT] appears to have started a thread named [HikariPool-8 connection adder] but has failed to stop it. This is very likely to create a memory leak. Stack trace of thread:
 java.base@13.0.14/sun.nio.ch.SocketDispatcher.read0(Native Method)
 java.base@13.0.14/sun.nio.ch.SocketDispatcher.read(SocketDispatcher.java:46)
 java.base@13.0.14/sun.nio.ch.NioSocketImpl.tryRead(NioSocketImpl.java:262)
 java.base@13.0.14/sun.nio.ch.NioSocketImpl.implRead(NioSocketImpl.java:313)
 java.base@13.0.14/sun.nio.ch.NioSocketImpl.read(NioSocketImpl.java:351)
 java.base@13.0.14/sun.nio.ch.NioSocketImpl$1.read(NioSocketImpl.java:802)
 java.base@13.0.14/java.net.Socket$SocketInputStream.read(Socket.java:937)
 java.base@13.0.14/sun.security.ssl.SSLSocketInputRecord.read(SSLSocketInputRecord.java:478)
 java.base@13.0.14/sun.security.ssl.SSLSocketInputRecord.readHeader(SSLSocketInputRecord.java:472)
 java.base@13.0.14/sun.security.ssl.SSLSocketInputRecord.bytesInCompletePacket(SSLSocketInputRecord.java:70)
 java.base@13.0.14/sun.security.ssl.SSLSocketImpl.readApplicationRecord(SSLSocketImpl.java:1434)
 java.base@13.0.14/sun.security.ssl.SSLSocketImpl$AppInputStream.read(SSLSocketImpl.java:1038)
 app//org.postgresql.core.VisibleBufferedInputStream.readMore(VisibleBufferedInputStream.java:161)
 app//org.postgresql.core.VisibleBufferedInputStream.ensureBytes(VisibleBufferedInputStream.java:128)
 app//org.postgresql.core.VisibleBufferedInputStream.ensureBytes(VisibleBufferedInputStream.java:113)
 app//org.postgresql.core.VisibleBufferedInputStream.read(VisibleBufferedInputStream.java:73)
 app//org.postgresql.core.PGStream.receiveChar(PGStream.java:453)
 app//org.postgresql.core.v3.QueryExecutorImpl.processResults(QueryExecutorImpl.java:2119)
 app//org.postgresql.core.v3.QueryExecutorImpl.execute(QueryExecutorImpl.java:355)
 app//org.postgresql.core.v3.QueryExecutorImpl.execute(QueryExecutorImpl.java:315)
 app//org.postgresql.core.SetupQueryRunner.run(SetupQueryRunner.java:55)
 app//org.postgresql.core.v3.ConnectionFactoryImpl.runInitialQueries(ConnectionFactoryImpl.java:867)
 app//org.postgresql.core.v3.ConnectionFactoryImpl.openConnectionImpl(ConnectionFactoryImpl.java:304)
 app//org.postgresql.core.ConnectionFactory.openConnection(ConnectionFactory.java:49)
 app//org.postgresql.jdbc.PgConnection.<init>(PgConnection.java:223)
 app//org.postgresql.Driver.makeConnection(Driver.java:402)
 app//org.postgresql.Driver.connect(Driver.java:261)
 app//com.zaxxer.hikari.util.DriverDataSource.getConnection(DriverDataSource.java:138)
 app//com.zaxxer.hikari.pool.PoolBase.newConnection(PoolBase.java:364)
 app//com.zaxxer.hikari.pool.PoolBase.newPoolEntry(PoolBase.java:206)
 app//com.zaxxer.hikari.pool.HikariPool.createPoolEntry(HikariPool.java:476)
 app//com.zaxxer.hikari.pool.HikariPool.access$100(HikariPool.java:71)
 app//com.zaxxer.hikari.pool.HikariPool$PoolEntryCreator.call(HikariPool.java:726)
 app//com.zaxxer.hikari.pool.HikariPool$PoolEntryCreator.call(HikariPool.java:712)
 java.base@13.0.14/java.util.concurrent.FutureTask.run(FutureTask.java:264)
 java.base@13.0.14/java.util.concurrent.ThreadPoolExecutor.runWorker(ThreadPoolExecutor.java:1128)
 java.base@13.0.14/java.util.concurrent.ThreadPoolExecutor$Worker.run(ThreadPoolExecutor.java:628)
 java.base@13.0.14/java.lang.Thread.run(Thread.java:830)
2023-09-21 02:21:58.828  WARN 21560 --- [           main] ConfigServletWebServerApplicationContext : Exception encountered during context initialization - cancelling refresh attempt: org.springframework.context.ApplicationContextException: Unable to start web server; nested exception is org.springframework.boot.web.server.WebServerException: Unable to start embedded Tomcat
2023-09-21 02:21:58.828  INFO 21560 --- [           main] j.LocalContainerEntityManagerFactoryBean : Closing JPA EntityManagerFactory for persistence unit 'default'
2023-09-21 02:21:58.828  INFO 21560 --- [           main] com.zaxxer.hikari.HikariDataSource       : HikariPool-8 - Shutdown initiated...
2023-09-21 02:21:59.720  INFO 21560 --- [           main] com.zaxxer.hikari.HikariDataSource       : HikariPool-8 - Shutdown completed.
2023-09-21 02:21:59.724  INFO 21560 --- [           main] ConditionEvaluationReportLoggingListener : 

Error starting ApplicationContext. To display the conditions report re-run your application with 'debug' enabled.
2023-09-21 02:21:59.729 ERROR 21560 --- [           main] o.s.boot.SpringApplication               : Application run failed

org.springframework.context.ApplicationContextException: Unable to start web server; nested exception is org.springframework.boot.web.server.WebServerException: Unable to start embedded Tomcat
	at org.springframework.boot.web.servlet.context.ServletWebServerApplicationContext.onRefresh(ServletWebServerApplicationContext.java:165) ~[spring-boot-2.7.7.jar:2.7.7]
	at org.springframework.context.support.AbstractApplicationContext.refresh(AbstractApplicationContext.java:577) ~[spring-context-5.3.24.jar:5.3.24]
	at org.springframework.boot.web.servlet.context.ServletWebServerApplicationContext.refresh(ServletWebServerApplicationContext.java:147) ~[spring-boot-2.7.7.jar:2.7.7]
	at org.springframework.boot.SpringApplication.refresh(SpringApplication.java:731) ~[spring-boot-2.7.7.jar:2.7.7]
	at org.springframework.boot.SpringApplication.refreshContext(SpringApplication.java:408) ~[spring-boot-2.7.7.jar:2.7.7]
	at org.springframework.boot.SpringApplication.run(SpringApplication.java:307) ~[spring-boot-2.7.7.jar:2.7.7]
	at org.springframework.boot.test.context.SpringBootContextLoader.loadContext(SpringBootContextLoader.java:136) ~[spring-boot-test-2.7.7.jar:2.7.7]
	at org.springframework.test.context.cache.DefaultCacheAwareContextLoaderDelegate.loadContextInternal(DefaultCacheAwareContextLoaderDelegate.java:141) ~[spring-test-5.3.24.jar:5.3.24]
	at org.springframework.test.context.cache.DefaultCacheAwareContextLoaderDelegate.loadContext(DefaultCacheAwareContextLoaderDelegate.java:90) ~[spring-test-5.3.24.jar:5.3.24]
	at org.springframework.test.context.support.DefaultTestContext.getApplicationContext(DefaultTestContext.java:124) ~[spring-test-5.3.24.jar:5.3.24]
	at org.springframework.test.context.support.DependencyInjectionTestExecutionListener.injectDependencies(DependencyInjectionTestExecutionListener.java:118) ~[spring-test-5.3.24.jar:5.3.24]
	at org.springframework.test.context.support.DependencyInjectionTestExecutionListener.prepareTestInstance(DependencyInjectionTestExecutionListener.java:83) ~[spring-test-5.3.24.jar:5.3.24]
	at org.springframework.boot.test.autoconfigure.SpringBootDependencyInjectionTestExecutionListener.prepareTestInstance(SpringBootDependencyInjectionTestExecutionListener.java:43) ~[spring-boot-test-autoconfigure-2.7.7.jar:2.7.7]
	at org.springframework.test.context.TestContextManager.prepareTestInstance(TestContextManager.java:248) ~[spring-test-5.3.24.jar:5.3.24]
	at org.springframework.test.context.junit.jupiter.SpringExtension.postProcessTestInstance(SpringExtension.java:138) ~[spring-test-5.3.24.jar:5.3.24]
	at org.junit.jupiter.engine.descriptor.ClassBasedTestDescriptor.lambda$invokeTestInstancePostProcessors$8(ClassBasedTestDescriptor.java:363) ~[junit-jupiter-engine-5.8.2.jar:5.8.2]
	at org.junit.jupiter.engine.descriptor.ClassBasedTestDescriptor.executeAndMaskThrowable(ClassBasedTestDescriptor.java:368) ~[junit-jupiter-engine-5.8.2.jar:5.8.2]
	at org.junit.jupiter.engine.descriptor.ClassBasedTestDescriptor.lambda$invokeTestInstancePostProcessors$9(ClassBasedTestDescriptor.java:363) ~[junit-jupiter-engine-5.8.2.jar:5.8.2]
	at java.base/java.util.stream.ReferencePipeline$3$1.accept(ReferencePipeline.java:195) ~[na:na]
	at java.base/java.util.stream.ReferencePipeline$2$1.accept(ReferencePipeline.java:177) ~[na:na]
	at java.base/java.util.ArrayList$ArrayListSpliterator.forEachRemaining(ArrayList.java:1622) ~[na:na]
	at java.base/java.util.stream.AbstractPipeline.copyInto(AbstractPipeline.java:484) ~[na:na]
	at java.base/java.util.stream.AbstractPipeline.wrapAndCopyInto(AbstractPipeline.java:474) ~[na:na]
	at java.base/java.util.stream.StreamSpliterators$WrappingSpliterator.forEachRemaining(StreamSpliterators.java:312) ~[na:na]
	at java.base/java.util.stream.Streams$ConcatSpliterator.forEachRemaining(Streams.java:735) ~[na:na]
	at java.base/java.util.stream.ReferencePipeline$Head.forEach(ReferencePipeline.java:658) ~[na:na]
	at org.junit.jupiter.engine.descriptor.ClassBasedTestDescriptor.invokeTestInstancePostProcessors(ClassBasedTestDescriptor.java:362) ~[junit-jupiter-engine-5.8.2.jar:5.8.2]
	at org.junit.jupiter.engine.descriptor.ClassBasedTestDescriptor.lambda$instantiateAndPostProcessTestInstance$6(ClassBasedTestDescriptor.java:283) ~[junit-jupiter-engine-5.8.2.jar:5.8.2]
	at org.junit.platform.engine.support.hierarchical.ThrowableCollector.execute(ThrowableCollector.java:73) ~[junit-platform-engine-1.8.2.jar:1.8.2]
	at org.junit.jupiter.engine.descriptor.ClassBasedTestDescriptor.instantiateAndPostProcessTestInstance(ClassBasedTestDescriptor.java:282) ~[junit-jupiter-engine-5.8.2.jar:5.8.2]
	at org.junit.jupiter.engine.descriptor.ClassBasedTestDescriptor.lambda$testInstancesProvider$4(ClassBasedTestDescriptor.java:272) ~[junit-jupiter-engine-5.8.2.jar:5.8.2]
	at java.base/java.util.Optional.orElseGet(Optional.java:362) ~[na:na]
	at org.junit.jupiter.engine.descriptor.ClassBasedTestDescriptor.lambda$testInstancesProvider$5(ClassBasedTestDescriptor.java:271) ~[junit-jupiter-engine-5.8.2.jar:5.8.2]
	at org.junit.jupiter.engine.execution.TestInstancesProvider.getTestInstances(TestInstancesProvider.java:31) ~[junit-jupiter-engine-5.8.2.jar:5.8.2]
	at org.junit.jupiter.engine.descriptor.ClassBasedTestDescriptor.lambda$before$2(ClassBasedTestDescriptor.java:197) ~[junit-jupiter-engine-5.8.2.jar:5.8.2]
	at org.junit.platform.engine.support.hierarchical.ThrowableCollector.execute(ThrowableCollector.java:73) ~[junit-platform-engine-1.8.2.jar:1.8.2]
	at org.junit.jupiter.engine.descriptor.ClassBasedTestDescriptor.before(ClassBasedTestDescriptor.java:196) ~[junit-jupiter-engine-5.8.2.jar:5.8.2]
	at org.junit.jupiter.engine.descriptor.ClassBasedTestDescriptor.before(ClassBasedTestDescriptor.java:80) ~[junit-jupiter-engine-5.8.2.jar:5.8.2]
	at org.junit.platform.engine.support.hierarchical.NodeTestTask.lambda$executeRecursively$6(NodeTestTask.java:148) ~[junit-platform-engine-1.8.2.jar:1.8.2]
	at org.junit.platform.engine.support.hierarchical.ThrowableCollector.execute(ThrowableCollector.java:73) ~[junit-platform-engine-1.8.2.jar:1.8.2]
	at org.junit.platform.engine.support.hierarchical.NodeTestTask.lambda$executeRecursively$8(NodeTestTask.java:141) ~[junit-platform-engine-1.8.2.jar:1.8.2]
	at org.junit.platform.engine.support.hierarchical.Node.around(Node.java:137) ~[junit-platform-engine-1.8.2.jar:1.8.2]
	at org.junit.platform.engine.support.hierarchical.NodeTestTask.lambda$executeRecursively$9(NodeTestTask.java:139) ~[junit-platform-engine-1.8.2.jar:1.8.2]
	at org.junit.platform.engine.support.hierarchical.ThrowableCollector.execute(ThrowableCollector.java:73) ~[junit-platform-engine-1.8.2.jar:1.8.2]
	at org.junit.platform.engine.support.hierarchical.NodeTestTask.executeRecursively(NodeTestTask.java:138) ~[junit-platform-engine-1.8.2.jar:1.8.2]
	at org.junit.platform.engine.support.hierarchical.NodeTestTask.execute(NodeTestTask.java:95) ~[junit-platform-engine-1.8.2.jar:1.8.2]
	at java.base/java.util.ArrayList.forEach(ArrayList.java:1508) ~[na:na]
	at org.junit.platform.engine.support.hierarchical.SameThreadHierarchicalTestExecutorService.invokeAll(SameThreadHierarchicalTestExecutorService.java:41) ~[junit-platform-engine-1.8.2.jar:1.8.2]
	at org.junit.platform.engine.support.hierarchical.NodeTestTask.lambda$executeRecursively$6(NodeTestTask.java:155) ~[junit-platform-engine-1.8.2.jar:1.8.2]
	at org.junit.platform.engine.support.hierarchical.ThrowableCollector.execute(ThrowableCollector.java:73) ~[junit-platform-engine-1.8.2.jar:1.8.2]
	at org.junit.platform.engine.support.hierarchical.NodeTestTask.lambda$executeRecursively$8(NodeTestTask.java:141) ~[junit-platform-engine-1.8.2.jar:1.8.2]
	at org.junit.platform.engine.support.hierarchical.Node.around(Node.java:137) ~[junit-platform-engine-1.8.2.jar:1.8.2]
	at org.junit.platform.engine.support.hierarchical.NodeTestTask.lambda$executeRecursively$9(NodeTestTask.java:139) ~[junit-platform-engine-1.8.2.jar:1.8.2]
	at org.junit.platform.engine.support.hierarchical.ThrowableCollector.execute(ThrowableCollector.java:73) ~[junit-platform-engine-1.8.2.jar:1.8.2]
	at org.junit.platform.engine.support.hierarchical.NodeTestTask.executeRecursively(NodeTestTask.java:138) ~[junit-platform-engine-1.8.2.jar:1.8.2]
	at org.junit.platform.engine.support.hierarchical.NodeTestTask.execute(NodeTestTask.java:95) ~[junit-platform-engine-1.8.2.jar:1.8.2]
	at org.junit.platform.engine.support.hierarchical.SameThreadHierarchicalTestExecutorService.submit(SameThreadHierarchicalTestExecutorService.java:35) ~[junit-platform-engine-1.8.2.jar:1.8.2]
	at org.junit.platform.engine.support.hierarchical.HierarchicalTestExecutor.execute(HierarchicalTestExecutor.java:57) ~[junit-platform-engine-1.8.2.jar:1.8.2]
	at org.junit.platform.engine.support.hierarchical.HierarchicalTestEngine.execute(HierarchicalTestEngine.java:54) ~[junit-platform-engine-1.8.2.jar:1.8.2]
	at org.junit.platform.launcher.core.DefaultLauncher.execute(DefaultLauncher.java:220) ~[junit-platform-launcher-1.3.1.jar:1.3.1]
	at org.junit.platform.launcher.core.DefaultLauncher.lambda$execute$6(DefaultLauncher.java:188) ~[junit-platform-launcher-1.3.1.jar:1.3.1]
	at org.junit.platform.launcher.core.DefaultLauncher.withInterceptedStreams(DefaultLauncher.java:202) ~[junit-platform-launcher-1.3.1.jar:1.3.1]
	at org.junit.platform.launcher.core.DefaultLauncher.execute(DefaultLauncher.java:181) ~[junit-platform-launcher-1.3.1.jar:1.3.1]
	at org.junit.platform.launcher.core.DefaultLauncher.execute(DefaultLauncher.java:128) ~[junit-platform-launcher-1.3.1.jar:1.3.1]
	at org.apache.maven.surefire.junitplatform.JUnitPlatformProvider.invokeAllTests(JUnitPlatformProvider.java:150) ~[surefire-junit-platform-2.22.2.jar:2.22.2]
	at org.apache.maven.surefire.junitplatform.JUnitPlatformProvider.invoke(JUnitPlatformProvider.java:124) ~[surefire-junit-platform-2.22.2.jar:2.22.2]
	at org.apache.maven.surefire.booter.ForkedBooter.invokeProviderInSameClassLoader(ForkedBooter.java:384) ~[surefire-booter-2.22.2.jar:2.22.2]
	at org.apache.maven.surefire.booter.ForkedBooter.runSuitesInProcess(ForkedBooter.java:345) ~[surefire-booter-2.22.2.jar:2.22.2]
	at org.apache.maven.surefire.booter.ForkedBooter.execute(ForkedBooter.java:126) ~[surefire-booter-2.22.2.jar:2.22.2]
	at org.apache.maven.surefire.booter.ForkedBooter.main(ForkedBooter.java:418) ~[surefire-booter-2.22.2.jar:2.22.2]
Caused by: org.springframework.boot.web.server.WebServerException: Unable to start embedded Tomcat
	at org.springframework.boot.web.embedded.tomcat.TomcatWebServer.initialize(TomcatWebServer.java:142) ~[spring-boot-2.7.7.jar:2.7.7]
	at org.springframework.boot.web.embedded.tomcat.TomcatWebServer.<init>(TomcatWebServer.java:104) ~[spring-boot-2.7.7.jar:2.7.7]
	at org.springframework.boot.web.embedded.tomcat.TomcatServletWebServerFactory.getTomcatWebServer(TomcatServletWebServerFactory.java:479) ~[spring-boot-2.7.7.jar:2.7.7]
	at org.springframework.boot.web.embedded.tomcat.TomcatServletWebServerFactory.getWebServer(TomcatServletWebServerFactory.java:211) ~[spring-boot-2.7.7.jar:2.7.7]
	at org.springframework.boot.web.servlet.context.ServletWebServerApplicationContext.createWebServer(ServletWebServerApplicationContext.java:184) ~[spring-boot-2.7.7.jar:2.7.7]
	at org.springframework.boot.web.servlet.context.ServletWebServerApplicationContext.onRefresh(ServletWebServerApplicationContext.java:162) ~[spring-boot-2.7.7.jar:2.7.7]
	... 69 common frames omitted
Caused by: org.springframework.beans.factory.UnsatisfiedDependencyException: Error creating bean with name 'jwtTokenFilter' defined in file [C:\Users\Мария\Desktop\barbecueshop\target\classes\com\diplomproject\barbecueshop\security\JwtTokenFilter.class]: Unsatisfied dependency expressed through constructor parameter 1; nested exception is org.springframework.beans.factory.UnsatisfiedDependencyException: Error creating bean with name 'customUserDetailsService' defined in file [C:\Users\Мария\Desktop\barbecueshop\target\classes\com\diplomproject\barbecueshop\services\userDetails\CustomUserDetailsService.class]: Unsatisfied dependency expressed through constructor parameter 0; nested exception is org.springframework.beans.factory.BeanCreationException: Error creating bean with name 'userRepository' defined in com.diplomproject.barbecueshop.repository.UserRepository defined in @EnableJpaRepositories declared on JpaRepositoriesRegistrar.EnableJpaRepositoriesConfiguration: Invocation of init method failed; nested exception is org.springframework.data.repository.query.QueryCreationException: Could not create query for public abstract com.diplomproject.barbecueshop.model.User com.diplomproject.barbecueshop.repository.UserRepository.findUserByLoginAndDeletedFalse(java.lang.String); Reason: Failed to create query for method public abstract com.diplomproject.barbecueshop.model.User com.diplomproject.barbecueshop.repository.UserRepository.findUserByLoginAndDeletedFalse(java.lang.String)! Unable to locate Attribute  with the the given name [deleted] on this ManagedType [com.diplomproject.barbecueshop.model.GenericModel]; nested exception is java.lang.IllegalArgumentException: Failed to create query for method public abstract com.diplomproject.barbecueshop.model.User com.diplomproject.barbecueshop.repository.UserRepository.findUserByLoginAndDeletedFalse(java.lang.String)! Unable to locate Attribute  with the the given name [deleted] on this ManagedType [com.diplomproject.barbecueshop.model.GenericModel]
	at org.springframework.beans.factory.support.ConstructorResolver.createArgumentArray(ConstructorResolver.java:800) ~[spring-beans-5.3.24.jar:5.3.24]
	at org.springframework.beans.factory.support.ConstructorResolver.autowireConstructor(ConstructorResolver.java:229) ~[spring-beans-5.3.24.jar:5.3.24]
	at org.springframework.beans.factory.support.AbstractAutowireCapableBeanFactory.autowireConstructor(AbstractAutowireCapableBeanFactory.java:1372) ~[spring-beans-5.3.24.jar:5.3.24]
	at org.springframework.beans.factory.support.AbstractAutowireCapableBeanFactory.createBeanInstance(AbstractAutowireCapableBeanFactory.java:1222) ~[spring-beans-5.3.24.jar:5.3.24]
	at org.springframework.beans.factory.support.AbstractAutowireCapableBeanFactory.doCreateBean(AbstractAutowireCapableBeanFactory.java:582) ~[spring-beans-5.3.24.jar:5.3.24]
	at org.springframework.beans.factory.support.AbstractAutowireCapableBeanFactory.createBean(AbstractAutowireCapableBeanFactory.java:542) ~[spring-beans-5.3.24.jar:5.3.24]
	at org.springframework.beans.factory.support.AbstractBeanFactory.lambda$doGetBean$0(AbstractBeanFactory.java:335) ~[spring-beans-5.3.24.jar:5.3.24]
	at org.springframework.beans.factory.support.DefaultSingletonBeanRegistry.getSingleton(DefaultSingletonBeanRegistry.java:234) ~[spring-beans-5.3.24.jar:5.3.24]
	at org.springframework.beans.factory.support.AbstractBeanFactory.doGetBean(AbstractBeanFactory.java:333) ~[spring-beans-5.3.24.jar:5.3.24]
	at org.springframework.beans.factory.support.AbstractBeanFactory.getBean(AbstractBeanFactory.java:213) ~[spring-beans-5.3.24.jar:5.3.24]
	at org.springframework.boot.web.servlet.ServletContextInitializerBeans.getOrderedBeansOfType(ServletContextInitializerBeans.java:212) ~[spring-boot-2.7.7.jar:2.7.7]
	at org.springframework.boot.web.servlet.ServletContextInitializerBeans.addAsRegistrationBean(ServletContextInitializerBeans.java:175) ~[spring-boot-2.7.7.jar:2.7.7]
	at org.springframework.boot.web.servlet.ServletContextInitializerBeans.addAsRegistrationBean(ServletContextInitializerBeans.java:170) ~[spring-boot-2.7.7.jar:2.7.7]
	at org.springframework.boot.web.servlet.ServletContextInitializerBeans.addAdaptableBeans(ServletContextInitializerBeans.java:155) ~[spring-boot-2.7.7.jar:2.7.7]
	at org.springframework.boot.web.servlet.ServletContextInitializerBeans.<init>(ServletContextInitializerBeans.java:87) ~[spring-boot-2.7.7.jar:2.7.7]
	at org.springframework.boot.web.servlet.context.ServletWebServerApplicationContext.getServletContextInitializerBeans(ServletWebServerApplicationContext.java:262) ~[spring-boot-2.7.7.jar:2.7.7]
	at org.springframework.boot.web.servlet.context.ServletWebServerApplicationContext.selfInitialize(ServletWebServerApplicationContext.java:236) ~[spring-boot-2.7.7.jar:2.7.7]
	at org.springframework.boot.web.embedded.tomcat.TomcatStarter.onStartup(TomcatStarter.java:53) ~[spring-boot-2.7.7.jar:2.7.7]
	at org.apache.catalina.core.StandardContext.startInternal(StandardContext.java:5211) ~[tomcat-embed-core-9.0.70.jar:9.0.70]
	at org.apache.catalina.util.LifecycleBase.start(LifecycleBase.java:183) ~[tomcat-embed-core-9.0.70.jar:9.0.70]
	at org.apache.catalina.core.ContainerBase$StartChild.call(ContainerBase.java:1393) ~[tomcat-embed-core-9.0.70.jar:9.0.70]
	at org.apache.catalina.core.ContainerBase$StartChild.call(ContainerBase.java:1383) ~[tomcat-embed-core-9.0.70.jar:9.0.70]
	at java.base/java.util.concurrent.FutureTask.run(FutureTask.java:264) ~[na:na]
	at org.apache.tomcat.util.threads.InlineExecutorService.execute(InlineExecutorService.java:75) ~[tomcat-embed-core-9.0.70.jar:9.0.70]
	at java.base/java.util.concurrent.AbstractExecutorService.submit(AbstractExecutorService.java:140) ~[na:na]
	at org.apache.catalina.core.ContainerBase.startInternal(ContainerBase.java:916) ~[tomcat-embed-core-9.0.70.jar:9.0.70]
	at org.apache.catalina.core.StandardHost.startInternal(StandardHost.java:835) ~[tomcat-embed-core-9.0.70.jar:9.0.70]
	at org.apache.catalina.util.LifecycleBase.start(LifecycleBase.java:183) ~[tomcat-embed-core-9.0.70.jar:9.0.70]
	at org.apache.catalina.core.ContainerBase$StartChild.call(ContainerBase.java:1393) ~[tomcat-embed-core-9.0.70.jar:9.0.70]
	at org.apache.catalina.core.ContainerBase$StartChild.call(ContainerBase.java:1383) ~[tomcat-embed-core-9.0.70.jar:9.0.70]
	at java.base/java.util.concurrent.FutureTask.run(FutureTask.java:264) ~[na:na]
	at org.apache.tomcat.util.threads.InlineExecutorService.execute(InlineExecutorService.java:75) ~[tomcat-embed-core-9.0.70.jar:9.0.70]
	at java.base/java.util.concurrent.AbstractExecutorService.submit(AbstractExecutorService.java:140) ~[na:na]
	at org.apache.catalina.core.ContainerBase.startInternal(ContainerBase.java:916) ~[tomcat-embed-core-9.0.70.jar:9.0.70]
	at org.apache.catalina.core.StandardEngine.startInternal(StandardEngine.java:265) ~[tomcat-embed-core-9.0.70.jar:9.0.70]
	at org.apache.catalina.util.LifecycleBase.start(LifecycleBase.java:183) ~[tomcat-embed-core-9.0.70.jar:9.0.70]
	at org.apache.catalina.core.StandardService.startInternal(StandardService.java:430) ~[tomcat-embed-core-9.0.70.jar:9.0.70]
	at org.apache.catalina.util.LifecycleBase.start(LifecycleBase.java:183) ~[tomcat-embed-core-9.0.70.jar:9.0.70]
	at org.apache.catalina.core.StandardServer.startInternal(StandardServer.java:930) ~[tomcat-embed-core-9.0.70.jar:9.0.70]
	at org.apache.catalina.util.LifecycleBase.start(LifecycleBase.java:183) ~[tomcat-embed-core-9.0.70.jar:9.0.70]
	at org.apache.catalina.startup.Tomcat.start(Tomcat.java:486) ~[tomcat-embed-core-9.0.70.jar:9.0.70]
	at org.springframework.boot.web.embedded.tomcat.TomcatWebServer.initialize(TomcatWebServer.java:123) ~[spring-boot-2.7.7.jar:2.7.7]
	... 74 common frames omitted
Caused by: org.springframework.beans.factory.UnsatisfiedDependencyException: Error creating bean with name 'customUserDetailsService' defined in file [C:\Users\Мария\Desktop\barbecueshop\target\classes\com\diplomproject\barbecueshop\services\userDetails\CustomUserDetailsService.class]: Unsatisfied dependency expressed through constructor parameter 0; nested exception is org.springframework.beans.factory.BeanCreationException: Error creating bean with name 'userRepository' defined in com.diplomproject.barbecueshop.repository.UserRepository defined in @EnableJpaRepositories declared on JpaRepositoriesRegistrar.EnableJpaRepositoriesConfiguration: Invocation of init method failed; nested exception is org.springframework.data.repository.query.QueryCreationException: Could not create query for public abstract com.diplomproject.barbecueshop.model.User com.diplomproject.barbecueshop.repository.UserRepository.findUserByLoginAndDeletedFalse(java.lang.String); Reason: Failed to create query for method public abstract com.diplomproject.barbecueshop.model.User com.diplomproject.barbecueshop.repository.UserRepository.findUserByLoginAndDeletedFalse(java.lang.String)! Unable to locate Attribute  with the the given name [deleted] on this ManagedType [com.diplomproject.barbecueshop.model.GenericModel]; nested exception is java.lang.IllegalArgumentException: Failed to create query for method public abstract com.diplomproject.barbecueshop.model.User com.diplomproject.barbecueshop.repository.UserRepository.findUserByLoginAndDeletedFalse(java.lang.String)! Unable to locate Attribute  with the the given name [deleted] on this ManagedType [com.diplomproject.barbecueshop.model.GenericModel]
	at org.springframework.beans.factory.support.ConstructorResolver.createArgumentArray(ConstructorResolver.java:800) ~[spring-beans-5.3.24.jar:5.3.24]
	at org.springframework.beans.factory.support.ConstructorResolver.autowireConstructor(ConstructorResolver.java:229) ~[spring-beans-5.3.24.jar:5.3.24]
	at org.springframework.beans.factory.support.AbstractAutowireCapableBeanFactory.autowireConstructor(AbstractAutowireCapableBeanFactory.java:1372) ~[spring-beans-5.3.24.jar:5.3.24]
	at org.springframework.beans.factory.support.AbstractAutowireCapableBeanFactory.createBeanInstance(AbstractAutowireCapableBeanFactory.java:1222) ~[spring-beans-5.3.24.jar:5.3.24]
	at org.springframework.beans.factory.support.AbstractAutowireCapableBeanFactory.doCreateBean(AbstractAutowireCapableBeanFactory.java:582) ~[spring-beans-5.3.24.jar:5.3.24]
	at org.springframework.beans.factory.support.AbstractAutowireCapableBeanFactory.createBean(AbstractAutowireCapableBeanFactory.java:542) ~[spring-beans-5.3.24.jar:5.3.24]
	at org.springframework.beans.factory.support.AbstractBeanFactory.lambda$doGetBean$0(AbstractBeanFactory.java:335) ~[spring-beans-5.3.24.jar:5.3.24]
	at org.springframework.beans.factory.support.DefaultSingletonBeanRegistry.getSingleton(DefaultSingletonBeanRegistry.java:234) ~[spring-beans-5.3.24.jar:5.3.24]
	at org.springframework.beans.factory.support.AbstractBeanFactory.doGetBean(AbstractBeanFactory.java:333) ~[spring-beans-5.3.24.jar:5.3.24]
	at org.springframework.beans.factory.support.AbstractBeanFactory.getBean(AbstractBeanFactory.java:208) ~[spring-beans-5.3.24.jar:5.3.24]
	at org.springframework.beans.factory.config.DependencyDescriptor.resolveCandidate(DependencyDescriptor.java:276) ~[spring-beans-5.3.24.jar:5.3.24]
	at org.springframework.beans.factory.support.DefaultListableBeanFactory.doResolveDependency(DefaultListableBeanFactory.java:1391) ~[spring-beans-5.3.24.jar:5.3.24]
	at org.springframework.beans.factory.support.DefaultListableBeanFactory.resolveDependency(DefaultListableBeanFactory.java:1311) ~[spring-beans-5.3.24.jar:5.3.24]
	at org.springframework.beans.factory.support.ConstructorResolver.resolveAutowiredArgument(ConstructorResolver.java:887) ~[spring-beans-5.3.24.jar:5.3.24]
	at org.springframework.beans.factory.support.ConstructorResolver.createArgumentArray(ConstructorResolver.java:791) ~[spring-beans-5.3.24.jar:5.3.24]
	... 115 common frames omitted
Caused by: org.springframework.beans.factory.BeanCreationException: Error creating bean with name 'userRepository' defined in com.diplomproject.barbecueshop.repository.UserRepository defined in @EnableJpaRepositories declared on JpaRepositoriesRegistrar.EnableJpaRepositoriesConfiguration: Invocation of init method failed; nested exception is org.springframework.data.repository.query.QueryCreationException: Could not create query for public abstract com.diplomproject.barbecueshop.model.User com.diplomproject.barbecueshop.repository.UserRepository.findUserByLoginAndDeletedFalse(java.lang.String); Reason: Failed to create query for method public abstract com.diplomproject.barbecueshop.model.User com.diplomproject.barbecueshop.repository.UserRepository.findUserByLoginAndDeletedFalse(java.lang.String)! Unable to locate Attribute  with the the given name [deleted] on this ManagedType [com.diplomproject.barbecueshop.model.GenericModel]; nested exception is java.lang.IllegalArgumentException: Failed to create query for method public abstract com.diplomproject.barbecueshop.model.User com.diplomproject.barbecueshop.repository.UserRepository.findUserByLoginAndDeletedFalse(java.lang.String)! Unable to locate Attribute  with the the given name [deleted] on this ManagedType [com.diplomproject.barbecueshop.model.GenericModel]
	at org.springframework.beans.factory.support.AbstractAutowireCapableBeanFactory.initializeBean(AbstractAutowireCapableBeanFactory.java:1804) ~[spring-beans-5.3.24.jar:5.3.24]
	at org.springframework.beans.factory.support.AbstractAutowireCapableBeanFactory.doCreateBean(AbstractAutowireCapableBeanFactory.java:620) ~[spring-beans-5.3.24.jar:5.3.24]
	at org.springframework.beans.factory.support.AbstractAutowireCapableBeanFactory.createBean(AbstractAutowireCapableBeanFactory.java:542) ~[spring-beans-5.3.24.jar:5.3.24]
	at org.springframework.beans.factory.support.AbstractBeanFactory.lambda$doGetBean$0(AbstractBeanFactory.java:335) ~[spring-beans-5.3.24.jar:5.3.24]
	at org.springframework.beans.factory.support.DefaultSingletonBeanRegistry.getSingleton(DefaultSingletonBeanRegistry.java:234) ~[spring-beans-5.3.24.jar:5.3.24]
	at org.springframework.beans.factory.support.AbstractBeanFactory.doGetBean(AbstractBeanFactory.java:333) ~[spring-beans-5.3.24.jar:5.3.24]
	at org.springframework.beans.factory.support.AbstractBeanFactory.getBean(AbstractBeanFactory.java:208) ~[spring-beans-5.3.24.jar:5.3.24]
	at org.springframework.beans.factory.config.DependencyDescriptor.resolveCandidate(DependencyDescriptor.java:276) ~[spring-beans-5.3.24.jar:5.3.24]
	at org.springframework.beans.factory.support.DefaultListableBeanFactory.doResolveDependency(DefaultListableBeanFactory.java:1391) ~[spring-beans-5.3.24.jar:5.3.24]
	at org.springframework.beans.factory.support.DefaultListableBeanFactory.resolveDependency(DefaultListableBeanFactory.java:1311) ~[spring-beans-5.3.24.jar:5.3.24]
	at org.springframework.beans.factory.support.ConstructorResolver.resolveAutowiredArgument(ConstructorResolver.java:887) ~[spring-beans-5.3.24.jar:5.3.24]
	at org.springframework.beans.factory.support.ConstructorResolver.createArgumentArray(ConstructorResolver.java:791) ~[spring-beans-5.3.24.jar:5.3.24]
	... 129 common frames omitted
Caused by: org.springframework.data.repository.query.QueryCreationException: Could not create query for public abstract com.diplomproject.barbecueshop.model.User com.diplomproject.barbecueshop.repository.UserRepository.findUserByLoginAndDeletedFalse(java.lang.String); Reason: Failed to create query for method public abstract com.diplomproject.barbecueshop.model.User com.diplomproject.barbecueshop.repository.UserRepository.findUserByLoginAndDeletedFalse(java.lang.String)! Unable to locate Attribute  with the the given name [deleted] on this ManagedType [com.diplomproject.barbecueshop.model.GenericModel]; nested exception is java.lang.IllegalArgumentException: Failed to create query for method public abstract com.diplomproject.barbecueshop.model.User com.diplomproject.barbecueshop.repository.UserRepository.findUserByLoginAndDeletedFalse(java.lang.String)! Unable to locate Attribute  with the the given name [deleted] on this ManagedType [com.diplomproject.barbecueshop.model.GenericModel]
	at org.springframework.data.repository.query.QueryCreationException.create(QueryCreationException.java:101) ~[spring-data-commons-2.7.6.jar:2.7.6]
	at org.springframework.data.repository.core.support.QueryExecutorMethodInterceptor.lookupQuery(QueryExecutorMethodInterceptor.java:107) ~[spring-data-commons-2.7.6.jar:2.7.6]
	at org.springframework.data.repository.core.support.QueryExecutorMethodInterceptor.lambda$mapMethodsToQuery$1(QueryExecutorMethodInterceptor.java:95) ~[spring-data-commons-2.7.6.jar:2.7.6]
	at java.base/java.util.stream.ReferencePipeline$3$1.accept(ReferencePipeline.java:195) ~[na:na]
	at java.base/java.util.Iterator.forEachRemaining(Iterator.java:133) ~[na:na]
	at java.base/java.util.Collections$UnmodifiableCollection$1.forEachRemaining(Collections.java:1054) ~[na:na]
	at java.base/java.util.Spliterators$IteratorSpliterator.forEachRemaining(Spliterators.java:1801) ~[na:na]
	at java.base/java.util.stream.AbstractPipeline.copyInto(AbstractPipeline.java:484) ~[na:na]
	at java.base/java.util.stream.AbstractPipeline.wrapAndCopyInto(AbstractPipeline.java:474) ~[na:na]
	at java.base/java.util.stream.ReduceOps$ReduceOp.evaluateSequential(ReduceOps.java:913) ~[na:na]
	at java.base/java.util.stream.AbstractPipeline.evaluate(AbstractPipeline.java:234) ~[na:na]
	at java.base/java.util.stream.ReferencePipeline.collect(ReferencePipeline.java:578) ~[na:na]
	at org.springframework.data.repository.core.support.QueryExecutorMethodInterceptor.mapMethodsToQuery(QueryExecutorMethodInterceptor.java:97) ~[spring-data-commons-2.7.6.jar:2.7.6]
	at org.springframework.data.repository.core.support.QueryExecutorMethodInterceptor.lambda$new$0(QueryExecutorMethodInterceptor.java:87) ~[spring-data-commons-2.7.6.jar:2.7.6]
	at java.base/java.util.Optional.map(Optional.java:258) ~[na:na]
	at org.springframework.data.repository.core.support.QueryExecutorMethodInterceptor.<init>(QueryExecutorMethodInterceptor.java:87) ~[spring-data-commons-2.7.6.jar:2.7.6]
	at org.springframework.data.repository.core.support.RepositoryFactorySupport.getRepository(RepositoryFactorySupport.java:365) ~[spring-data-commons-2.7.6.jar:2.7.6]
	at org.springframework.data.repository.core.support.RepositoryFactoryBeanSupport.lambda$afterPropertiesSet$5(RepositoryFactoryBeanSupport.java:323) ~[spring-data-commons-2.7.6.jar:2.7.6]
	at org.springframework.data.util.Lazy.getNullable(Lazy.java:231) ~[spring-data-commons-2.7.6.jar:2.7.6]
	at org.springframework.data.util.Lazy.get(Lazy.java:115) ~[spring-data-commons-2.7.6.jar:2.7.6]
	at org.springframework.data.repository.core.support.RepositoryFactoryBeanSupport.afterPropertiesSet(RepositoryFactoryBeanSupport.java:329) ~[spring-data-commons-2.7.6.jar:2.7.6]
	at org.springframework.data.jpa.repository.support.JpaRepositoryFactoryBean.afterPropertiesSet(JpaRepositoryFactoryBean.java:144) ~[spring-data-jpa-2.7.6.jar:2.7.6]
	at org.springframework.beans.factory.support.AbstractAutowireCapableBeanFactory.invokeInitMethods(AbstractAutowireCapableBeanFactory.java:1863) ~[spring-beans-5.3.24.jar:5.3.24]
	at org.springframework.beans.factory.support.AbstractAutowireCapableBeanFactory.initializeBean(AbstractAutowireCapableBeanFactory.java:1800) ~[spring-beans-5.3.24.jar:5.3.24]
	... 140 common frames omitted
Caused by: java.lang.IllegalArgumentException: Failed to create query for method public abstract com.diplomproject.barbecueshop.model.User com.diplomproject.barbecueshop.repository.UserRepository.findUserByLoginAndDeletedFalse(java.lang.String)! Unable to locate Attribute  with the the given name [deleted] on this ManagedType [com.diplomproject.barbecueshop.model.GenericModel]
	at org.springframework.data.jpa.repository.query.PartTreeJpaQuery.<init>(PartTreeJpaQuery.java:96) ~[spring-data-jpa-2.7.6.jar:2.7.6]
	at org.springframework.data.jpa.repository.query.JpaQueryLookupStrategy$CreateQueryLookupStrategy.resolveQuery(JpaQueryLookupStrategy.java:119) ~[spring-data-jpa-2.7.6.jar:2.7.6]
	at org.springframework.data.jpa.repository.query.JpaQueryLookupStrategy$CreateIfNotFoundQueryLookupStrategy.resolveQuery(JpaQueryLookupStrategy.java:259) ~[spring-data-jpa-2.7.6.jar:2.7.6]
	at org.springframework.data.jpa.repository.query.JpaQueryLookupStrategy$AbstractQueryLookupStrategy.resolveQuery(JpaQueryLookupStrategy.java:93) ~[spring-data-jpa-2.7.6.jar:2.7.6]
	at org.springframework.data.repository.core.support.QueryExecutorMethodInterceptor.lookupQuery(QueryExecutorMethodInterceptor.java:103) ~[spring-data-commons-2.7.6.jar:2.7.6]
	... 162 common frames omitted
Caused by: java.lang.IllegalArgumentException: Unable to locate Attribute  with the the given name [deleted] on this ManagedType [com.diplomproject.barbecueshop.model.GenericModel]
	at org.hibernate.metamodel.model.domain.internal.AbstractManagedType.checkNotNull(AbstractManagedType.java:148) ~[hibernate-core-5.6.14.Final.jar:5.6.14.Final]
	at org.hibernate.metamodel.model.domain.internal.AbstractManagedType.getAttribute(AbstractManagedType.java:119) ~[hibernate-core-5.6.14.Final.jar:5.6.14.Final]
	at org.hibernate.metamodel.model.domain.internal.AbstractManagedType.getAttribute(AbstractManagedType.java:117) ~[hibernate-core-5.6.14.Final.jar:5.6.14.Final]
	at org.hibernate.metamodel.model.domain.internal.AbstractManagedType.getAttribute(AbstractManagedType.java:44) ~[hibernate-core-5.6.14.Final.jar:5.6.14.Final]
	at org.springframework.data.jpa.repository.query.QueryUtils.requiresOuterJoin(QueryUtils.java:804) ~[spring-data-jpa-2.7.6.jar:2.7.6]
	at org.springframework.data.jpa.repository.query.QueryUtils.toExpressionRecursively(QueryUtils.java:745) ~[spring-data-jpa-2.7.6.jar:2.7.6]
	at org.springframework.data.jpa.repository.query.QueryUtils.toExpressionRecursively(QueryUtils.java:724) ~[spring-data-jpa-2.7.6.jar:2.7.6]
	at org.springframework.data.jpa.repository.query.QueryUtils.toExpressionRecursively(QueryUtils.java:720) ~[spring-data-jpa-2.7.6.jar:2.7.6]
	at org.springframework.data.jpa.repository.query.JpaQueryCreator$PredicateBuilder.getTypedPath(JpaQueryCreator.java:394) ~[spring-data-jpa-2.7.6.jar:2.7.6]
	at org.springframework.data.jpa.repository.query.JpaQueryCreator$PredicateBuilder.build(JpaQueryCreator.java:313) ~[spring-data-jpa-2.7.6.jar:2.7.6]
	at org.springframework.data.jpa.repository.query.JpaQueryCreator.toPredicate(JpaQueryCreator.java:217) ~[spring-data-jpa-2.7.6.jar:2.7.6]
	at org.springframework.data.jpa.repository.query.JpaQueryCreator.and(JpaQueryCreator.java:134) ~[spring-data-jpa-2.7.6.jar:2.7.6]
	at org.springframework.data.jpa.repository.query.JpaQueryCreator.and(JpaQueryCreator.java:60) ~[spring-data-jpa-2.7.6.jar:2.7.6]
	at org.springframework.data.repository.query.parser.AbstractQueryCreator.createCriteria(AbstractQueryCreator.java:123) ~[spring-data-commons-2.7.6.jar:2.7.6]
	at org.springframework.data.repository.query.parser.AbstractQueryCreator.createQuery(AbstractQueryCreator.java:96) ~[spring-data-commons-2.7.6.jar:2.7.6]
	at org.springframework.data.repository.query.parser.AbstractQueryCreator.createQuery(AbstractQueryCreator.java:82) ~[spring-data-commons-2.7.6.jar:2.7.6]
	at org.springframework.data.jpa.repository.query.PartTreeJpaQuery$QueryPreparer.<init>(PartTreeJpaQuery.java:217) ~[spring-data-jpa-2.7.6.jar:2.7.6]
	at org.springframework.data.jpa.repository.query.PartTreeJpaQuery$CountQueryPreparer.<init>(PartTreeJpaQuery.java:348) ~[spring-data-jpa-2.7.6.jar:2.7.6]
	at org.springframework.data.jpa.repository.query.PartTreeJpaQuery.<init>(PartTreeJpaQuery.java:91) ~[spring-data-jpa-2.7.6.jar:2.7.6]
	... 166 common frames omitted


  .   ____          _            __ _ _
 /\\ / ___'_ __ _ _(_)_ __  __ _ \ \ \ \
( ( )\___ | '_ | '_| | '_ \/ _` | \ \ \ \
 \\/  ___)| |_)| | | | | || (_| |  ) ) ) )
  '  |____| .__|_| |_|_| |_\__, | / / / /
 =========|_|==============|___/=/_/_/_/
 :: Spring Boot ::                (v2.7.7)

2023-09-21 02:21:59.759  INFO 21560 --- [           main] c.d.b.r.controller.UserControllerTest    : Starting UserControllerTest using Java 13.0.14 on HOME-PC with PID 21560 (started by Мария in C:\Users\Мария\Desktop\barbecueshop)
2023-09-21 02:21:59.760  INFO 21560 --- [           main] c.d.b.r.controller.UserControllerTest    : No active profile set, falling back to 1 default profile: "default"
2023-09-21 02:21:59.941  INFO 21560 --- [           main] .s.d.r.c.RepositoryConfigurationDelegate : Multiple Spring Data modules found, entering strict repository configuration mode
2023-09-21 02:21:59.942  INFO 21560 --- [           main] .s.d.r.c.RepositoryConfigurationDelegate : Bootstrapping Spring Data JDBC repositories in DEFAULT mode.
2023-09-21 02:21:59.952  INFO 21560 --- [           main] .RepositoryConfigurationExtensionSupport : Spring Data JDBC - Could not safely identify store assignment for repository candidate interface com.diplomproject.barbecueshop.repository.DeliveryOrderRepository; If you want this repository to be a JDBC repository, consider annotating your entities with one of these annotations: org.springframework.data.relational.core.mapping.Table.
2023-09-21 02:21:59.952  INFO 21560 --- [           main] .RepositoryConfigurationExtensionSupport : Spring Data JDBC - Could not safely identify store assignment for repository candidate interface com.diplomproject.barbecueshop.repository.OrderRepository; If you want this repository to be a JDBC repository, consider annotating your entities with one of these annotations: org.springframework.data.relational.core.mapping.Table.
2023-09-21 02:21:59.953  INFO 21560 --- [           main] .RepositoryConfigurationExtensionSupport : Spring Data JDBC - Could not safely identify store assignment for repository candidate interface com.diplomproject.barbecueshop.repository.ProductRepository; If you want this repository to be a JDBC repository, consider annotating your entities with one of these annotations: org.springframework.data.relational.core.mapping.Table.
2023-09-21 02:21:59.953  INFO 21560 --- [           main] .RepositoryConfigurationExtensionSupport : Spring Data JDBC - Could not safely identify store assignment for repository candidate interface com.diplomproject.barbecueshop.repository.ProviderRepository; If you want this repository to be a JDBC repository, consider annotating your entities with one of these annotations: org.springframework.data.relational.core.mapping.Table.
2023-09-21 02:21:59.953  INFO 21560 --- [           main] .RepositoryConfigurationExtensionSupport : Spring Data JDBC - Could not safely identify store assignment for repository candidate interface com.diplomproject.barbecueshop.repository.RoleRepository; If you want this repository to be a JDBC repository, consider annotating your entities with one of these annotations: org.springframework.data.relational.core.mapping.Table.
2023-09-21 02:21:59.953  INFO 21560 --- [           main] .RepositoryConfigurationExtensionSupport : Spring Data JDBC - Could not safely identify store assignment for repository candidate interface com.diplomproject.barbecueshop.repository.UserRepository; If you want this repository to be a JDBC repository, consider annotating your entities with one of these annotations: org.springframework.data.relational.core.mapping.Table.
2023-09-21 02:21:59.953  INFO 21560 --- [           main] .s.d.r.c.RepositoryConfigurationDelegate : Finished Spring Data repository scanning in 11 ms. Found 0 JDBC repository interfaces.
2023-09-21 02:21:59.955  INFO 21560 --- [           main] .s.d.r.c.RepositoryConfigurationDelegate : Multiple Spring Data modules found, entering strict repository configuration mode
2023-09-21 02:21:59.956  INFO 21560 --- [           main] .s.d.r.c.RepositoryConfigurationDelegate : Bootstrapping Spring Data JPA repositories in DEFAULT mode.
2023-09-21 02:21:59.976  INFO 21560 --- [           main] .s.d.r.c.RepositoryConfigurationDelegate : Finished Spring Data repository scanning in 20 ms. Found 6 JPA repository interfaces.
2023-09-21 02:22:00.172  INFO 21560 --- [           main] o.s.b.w.embedded.tomcat.TomcatWebServer  : Tomcat initialized with port(s): 0 (http)
2023-09-21 02:22:00.173  INFO 21560 --- [           main] o.apache.catalina.core.StandardService   : Starting service [Tomcat]
2023-09-21 02:22:00.174  INFO 21560 --- [           main] org.apache.catalina.core.StandardEngine  : Starting Servlet engine: [Apache Tomcat/9.0.70]
2023-09-21 02:22:00.200  INFO 21560 --- [           main] o.a.c.c.C.[Tomcat-7].[localhost].[/]     : Initializing Spring embedded WebApplicationContext
2023-09-21 02:22:00.200  INFO 21560 --- [           main] w.s.c.ServletWebServerApplicationContext : Root WebApplicationContext: initialization completed in 439 ms
2023-09-21 02:22:00.363  INFO 21560 --- [           main] o.hibernate.jpa.internal.util.LogHelper  : HHH000204: Processing PersistenceUnitInfo [name: default]
2023-09-21 02:22:00.370  INFO 21560 --- [           main] com.zaxxer.hikari.HikariDataSource       : HikariPool-9 - Starting...
2023-09-21 02:22:02.550  INFO 21560 --- [           main] com.zaxxer.hikari.HikariDataSource       : HikariPool-9 - Start completed.
2023-09-21 02:22:02.551  INFO 21560 --- [           main] org.hibernate.dialect.Dialect            : HHH000400: Using dialect: org.hibernate.dialect.PostgreSQLDialect
2023-09-21 02:22:02.929  WARN 21560 --- [           main] o.h.b.i.InFlightMetadataCollectorImpl    : HHH000069: Duplicate generator name default_generator
2023-09-21 02:22:02.931  WARN 21560 --- [           main] o.h.b.i.InFlightMetadataCollectorImpl    : HHH000069: Duplicate generator name default_generator
2023-09-21 02:22:02.932  WARN 21560 --- [           main] o.h.b.i.InFlightMetadataCollectorImpl    : HHH000069: Duplicate generator name default_generator
2023-09-21 02:22:02.933  WARN 21560 --- [           main] o.h.b.i.InFlightMetadataCollectorImpl    : HHH000069: Duplicate generator name default_generator
2023-09-21 02:22:09.229  INFO 21560 --- [           main] o.h.e.t.j.p.i.JtaPlatformInitiator       : HHH000490: Using JtaPlatform implementation: [org.hibernate.engine.transaction.jta.platform.internal.NoJtaPlatform]
2023-09-21 02:22:09.229  INFO 21560 --- [           main] j.LocalContainerEntityManagerFactoryBean : Initialized JPA EntityManagerFactory for persistence unit 'default'
2023-09-21 02:22:09.306 ERROR 21560 --- [           main] o.s.b.web.embedded.tomcat.TomcatStarter  : Error starting Tomcat context. Exception: org.springframework.beans.factory.UnsatisfiedDependencyException. Message: Error creating bean with name 'jwtTokenFilter' defined in file [C:\Users\Мария\Desktop\barbecueshop\target\classes\com\diplomproject\barbecueshop\security\JwtTokenFilter.class]: Unsatisfied dependency expressed through constructor parameter 1; nested exception is org.springframework.beans.factory.UnsatisfiedDependencyException: Error creating bean with name 'customUserDetailsService' defined in file [C:\Users\Мария\Desktop\barbecueshop\target\classes\com\diplomproject\barbecueshop\services\userDetails\CustomUserDetailsService.class]: Unsatisfied dependency expressed through constructor parameter 0; nested exception is org.springframework.beans.factory.BeanCreationException: Error creating bean with name 'userRepository' defined in com.diplomproject.barbecueshop.repository.UserRepository defined in @EnableJpaRepositories declared on JpaRepositoriesRegistrar.EnableJpaRepositoriesConfiguration: Invocation of init method failed; nested exception is org.springframework.data.repository.query.QueryCreationException: Could not create query for public abstract com.diplomproject.barbecueshop.model.User com.diplomproject.barbecueshop.repository.UserRepository.findUserByLoginAndDeletedFalse(java.lang.String); Reason: Failed to create query for method public abstract com.diplomproject.barbecueshop.model.User com.diplomproject.barbecueshop.repository.UserRepository.findUserByLoginAndDeletedFalse(java.lang.String)! Unable to locate Attribute  with the the given name [deleted] on this ManagedType [com.diplomproject.barbecueshop.model.GenericModel]; nested exception is java.lang.IllegalArgumentException: Failed to create query for method public abstract com.diplomproject.barbecueshop.model.User com.diplomproject.barbecueshop.repository.UserRepository.findUserByLoginAndDeletedFalse(java.lang.String)! Unable to locate Attribute  with the the given name [deleted] on this ManagedType [com.diplomproject.barbecueshop.model.GenericModel]
2023-09-21 02:22:09.309  INFO 21560 --- [           main] o.apache.catalina.core.StandardService   : Stopping service [Tomcat]
2023-09-21 02:22:09.310  WARN 21560 --- [           main] o.a.c.loader.WebappClassLoaderBase       : The web application [ROOT] appears to have started a thread named [HikariPool-9 housekeeper] but has failed to stop it. This is very likely to create a memory leak. Stack trace of thread:
 java.base@13.0.14/jdk.internal.misc.Unsafe.park(Native Method)
 java.base@13.0.14/java.util.concurrent.locks.LockSupport.parkNanos(LockSupport.java:235)
 java.base@13.0.14/java.util.concurrent.locks.AbstractQueuedSynchronizer$ConditionObject.awaitNanos(AbstractQueuedSynchronizer.java:2123)
 java.base@13.0.14/java.util.concurrent.ScheduledThreadPoolExecutor$DelayedWorkQueue.take(ScheduledThreadPoolExecutor.java:1182)
 java.base@13.0.14/java.util.concurrent.ScheduledThreadPoolExecutor$DelayedWorkQueue.take(ScheduledThreadPoolExecutor.java:899)
 java.base@13.0.14/java.util.concurrent.ThreadPoolExecutor.getTask(ThreadPoolExecutor.java:1054)
 java.base@13.0.14/java.util.concurrent.ThreadPoolExecutor.runWorker(ThreadPoolExecutor.java:1114)
 java.base@13.0.14/java.util.concurrent.ThreadPoolExecutor$Worker.run(ThreadPoolExecutor.java:628)
 java.base@13.0.14/java.lang.Thread.run(Thread.java:830)
2023-09-21 02:22:09.311  WARN 21560 --- [           main] o.a.c.loader.WebappClassLoaderBase       : The web application [ROOT] appears to have started a thread named [HikariPool-9 connection adder] but has failed to stop it. This is very likely to create a memory leak. Stack trace of thread:
 java.base@13.0.14/sun.nio.ch.SocketDispatcher.read0(Native Method)
 java.base@13.0.14/sun.nio.ch.SocketDispatcher.read(SocketDispatcher.java:46)
 java.base@13.0.14/sun.nio.ch.NioSocketImpl.tryRead(NioSocketImpl.java:262)
 java.base@13.0.14/sun.nio.ch.NioSocketImpl.implRead(NioSocketImpl.java:313)
 java.base@13.0.14/sun.nio.ch.NioSocketImpl.read(NioSocketImpl.java:351)
 java.base@13.0.14/sun.nio.ch.NioSocketImpl$1.read(NioSocketImpl.java:802)
 java.base@13.0.14/java.net.Socket$SocketInputStream.read(Socket.java:937)
 java.base@13.0.14/sun.security.ssl.SSLSocketInputRecord.read(SSLSocketInputRecord.java:478)
 java.base@13.0.14/sun.security.ssl.SSLSocketInputRecord.readHeader(SSLSocketInputRecord.java:472)
 java.base@13.0.14/sun.security.ssl.SSLSocketInputRecord.bytesInCompletePacket(SSLSocketInputRecord.java:70)
 java.base@13.0.14/sun.security.ssl.SSLSocketImpl.readApplicationRecord(SSLSocketImpl.java:1434)
 java.base@13.0.14/sun.security.ssl.SSLSocketImpl$AppInputStream.read(SSLSocketImpl.java:1038)
 app//org.postgresql.core.VisibleBufferedInputStream.readMore(VisibleBufferedInputStream.java:161)
 app//org.postgresql.core.VisibleBufferedInputStream.ensureBytes(VisibleBufferedInputStream.java:128)
 app//org.postgresql.core.VisibleBufferedInputStream.ensureBytes(VisibleBufferedInputStream.java:113)
 app//org.postgresql.core.VisibleBufferedInputStream.read(VisibleBufferedInputStream.java:73)
 app//org.postgresql.core.PGStream.receiveChar(PGStream.java:453)
 app//org.postgresql.core.v3.QueryExecutorImpl.processResults(QueryExecutorImpl.java:2119)
 app//org.postgresql.core.v3.QueryExecutorImpl.execute(QueryExecutorImpl.java:355)
 app//org.postgresql.core.v3.QueryExecutorImpl.execute(QueryExecutorImpl.java:315)
 app//org.postgresql.core.SetupQueryRunner.run(SetupQueryRunner.java:55)
 app//org.postgresql.core.v3.ConnectionFactoryImpl.runInitialQueries(ConnectionFactoryImpl.java:867)
 app//org.postgresql.core.v3.ConnectionFactoryImpl.openConnectionImpl(ConnectionFactoryImpl.java:304)
 app//org.postgresql.core.ConnectionFactory.openConnection(ConnectionFactory.java:49)
 app//org.postgresql.jdbc.PgConnection.<init>(PgConnection.java:223)
 app//org.postgresql.Driver.makeConnection(Driver.java:402)
 app//org.postgresql.Driver.connect(Driver.java:261)
 app//com.zaxxer.hikari.util.DriverDataSource.getConnection(DriverDataSource.java:138)
 app//com.zaxxer.hikari.pool.PoolBase.newConnection(PoolBase.java:364)
 app//com.zaxxer.hikari.pool.PoolBase.newPoolEntry(PoolBase.java:206)
 app//com.zaxxer.hikari.pool.HikariPool.createPoolEntry(HikariPool.java:476)
 app//com.zaxxer.hikari.pool.HikariPool.access$100(HikariPool.java:71)
 app//com.zaxxer.hikari.pool.HikariPool$PoolEntryCreator.call(HikariPool.java:726)
 app//com.zaxxer.hikari.pool.HikariPool$PoolEntryCreator.call(HikariPool.java:712)
 java.base@13.0.14/java.util.concurrent.FutureTask.run(FutureTask.java:264)
 java.base@13.0.14/java.util.concurrent.ThreadPoolExecutor.runWorker(ThreadPoolExecutor.java:1128)
 java.base@13.0.14/java.util.concurrent.ThreadPoolExecutor$Worker.run(ThreadPoolExecutor.java:628)
 java.base@13.0.14/java.lang.Thread.run(Thread.java:830)
2023-09-21 02:22:09.312  WARN 21560 --- [           main] ConfigServletWebServerApplicationContext : Exception encountered during context initialization - cancelling refresh attempt: org.springframework.context.ApplicationContextException: Unable to start web server; nested exception is org.springframework.boot.web.server.WebServerException: Unable to start embedded Tomcat
2023-09-21 02:22:09.312  INFO 21560 --- [           main] j.LocalContainerEntityManagerFactoryBean : Closing JPA EntityManagerFactory for persistence unit 'default'
2023-09-21 02:22:09.313  INFO 21560 --- [           main] com.zaxxer.hikari.HikariDataSource       : HikariPool-9 - Shutdown initiated...
2023-09-21 02:22:10.242  INFO 21560 --- [           main] com.zaxxer.hikari.HikariDataSource       : HikariPool-9 - Shutdown completed.
2023-09-21 02:22:10.247  INFO 21560 --- [           main] ConditionEvaluationReportLoggingListener : 

Error starting ApplicationContext. To display the conditions report re-run your application with 'debug' enabled.
2023-09-21 02:22:10.249 ERROR 21560 --- [           main] o.s.boot.SpringApplication               : Application run failed

org.springframework.context.ApplicationContextException: Unable to start web server; nested exception is org.springframework.boot.web.server.WebServerException: Unable to start embedded Tomcat
	at org.springframework.boot.web.servlet.context.ServletWebServerApplicationContext.onRefresh(ServletWebServerApplicationContext.java:165) ~[spring-boot-2.7.7.jar:2.7.7]
	at org.springframework.context.support.AbstractApplicationContext.refresh(AbstractApplicationContext.java:577) ~[spring-context-5.3.24.jar:5.3.24]
	at org.springframework.boot.web.servlet.context.ServletWebServerApplicationContext.refresh(ServletWebServerApplicationContext.java:147) ~[spring-boot-2.7.7.jar:2.7.7]
	at org.springframework.boot.SpringApplication.refresh(SpringApplication.java:731) ~[spring-boot-2.7.7.jar:2.7.7]
	at org.springframework.boot.SpringApplication.refreshContext(SpringApplication.java:408) ~[spring-boot-2.7.7.jar:2.7.7]
	at org.springframework.boot.SpringApplication.run(SpringApplication.java:307) ~[spring-boot-2.7.7.jar:2.7.7]
	at org.springframework.boot.test.context.SpringBootContextLoader.loadContext(SpringBootContextLoader.java:136) ~[spring-boot-test-2.7.7.jar:2.7.7]
	at org.springframework.test.context.cache.DefaultCacheAwareContextLoaderDelegate.loadContextInternal(DefaultCacheAwareContextLoaderDelegate.java:141) ~[spring-test-5.3.24.jar:5.3.24]
	at org.springframework.test.context.cache.DefaultCacheAwareContextLoaderDelegate.loadContext(DefaultCacheAwareContextLoaderDelegate.java:90) ~[spring-test-5.3.24.jar:5.3.24]
	at org.springframework.test.context.support.DefaultTestContext.getApplicationContext(DefaultTestContext.java:124) ~[spring-test-5.3.24.jar:5.3.24]
	at org.springframework.boot.test.autoconfigure.SpringBootDependencyInjectionTestExecutionListener.outputConditionEvaluationReport(SpringBootDependencyInjectionTestExecutionListener.java:53) ~[spring-boot-test-autoconfigure-2.7.7.jar:2.7.7]
	at org.springframework.boot.test.autoconfigure.SpringBootDependencyInjectionTestExecutionListener.prepareTestInstance(SpringBootDependencyInjectionTestExecutionListener.java:46) ~[spring-boot-test-autoconfigure-2.7.7.jar:2.7.7]
	at org.springframework.test.context.TestContextManager.prepareTestInstance(TestContextManager.java:248) ~[spring-test-5.3.24.jar:5.3.24]
	at org.springframework.test.context.junit.jupiter.SpringExtension.postProcessTestInstance(SpringExtension.java:138) ~[spring-test-5.3.24.jar:5.3.24]
	at org.junit.jupiter.engine.descriptor.ClassBasedTestDescriptor.lambda$invokeTestInstancePostProcessors$8(ClassBasedTestDescriptor.java:363) ~[junit-jupiter-engine-5.8.2.jar:5.8.2]
	at org.junit.jupiter.engine.descriptor.ClassBasedTestDescriptor.executeAndMaskThrowable(ClassBasedTestDescriptor.java:368) ~[junit-jupiter-engine-5.8.2.jar:5.8.2]
	at org.junit.jupiter.engine.descriptor.ClassBasedTestDescriptor.lambda$invokeTestInstancePostProcessors$9(ClassBasedTestDescriptor.java:363) ~[junit-jupiter-engine-5.8.2.jar:5.8.2]
	at java.base/java.util.stream.ReferencePipeline$3$1.accept(ReferencePipeline.java:195) ~[na:na]
[...]
	at org.springframework.boot.web.servlet.ServletContextInitializerBeans.addAsRegistrationBean(ServletContextInitializerBeans.java:175) ~[spring-boot-2.7.7.jar:2.7.7]
	at org.springframework.boot.web.servlet.ServletContextInitializerBeans.addAsRegistrationBean(ServletContextInitializerBeans.java:170) ~[spring-boot-2.7.7.jar:2.7.7]
	at org.springframework.boot.web.servlet.ServletContextInitializerBeans.addAdaptableBeans(ServletContextInitializerBeans.java:155) ~[spring-boot-2.7.7.jar:2.7.7]
	at org.springframework.boot.web.servlet.ServletContextInitializerBeans.<init>(ServletContextInitializerBeans.java:87) ~[spring-boot-2.7.7.jar:2.7.7]
	at org.springframework.boot.web.servlet.context.ServletWebServerApplicationContext.getServletContextInitializerBeans(ServletWebServerApplicationContext.java:262) ~[spring-boot-2.7.7.jar:2.7.7]
	at org.springframework.boot.web.servlet.context.ServletWebServerApplicationContext.selfInitialize(ServletWebServerApplicationContext.java:236) ~[spring-boot-2.7.7.jar:2.7.7]
	at org.springframework.boot.web.embedded.tomcat.TomcatStarter.onStartup(TomcatStarter.java:53) ~[spring-boot-2.7.7.jar:2.7.7]
	at org.apache.catalina.core.StandardContext.startInternal(StandardContext.java:5211) ~[tomcat-embed-core-9.0.70.jar:9.0.70]
	at org.apache.catalina.util.LifecycleBase.start(LifecycleBase.java:183) ~[tomcat-embed-core-9.0.70.jar:9.0.70]
	at org.apache.catalina.core.ContainerBase$StartChild.call(ContainerBase.java:1393) ~[tomcat-embed-core-9.0.70.jar:9.0.70]
	at org.apache.catalina.core.ContainerBase$StartChild.call(ContainerBase.java:1383) ~[tomcat-embed-core-9.0.70.jar:9.0.70]
	at java.base/java.util.concurrent.FutureTask.run(FutureTask.java:264) ~[na:na]
	at org.apache.tomcat.util.threads.InlineExecutorService.execute(InlineExecutorService.java:75) ~[tomcat-embed-core-9.0.70.jar:9.0.70]
	at java.base/java.util.concurrent.AbstractExecutorService.submit(AbstractExecutorService.java:140) ~[na:na]
	at org.apache.catalina.core.ContainerBase.startInternal(ContainerBase.java:916) ~[tomcat-embed-core-9.0.70.jar:9.0.70]
	at org.apache.catalina.core.StandardHost.startInternal(StandardHost.java:835) ~[tomcat-embed-core-9.0.70.jar:9.0.70]
	at org.apache.catalina.util.LifecycleBase.start(LifecycleBase.java:183) ~[tomcat-embed-core-9.0.70.jar:9.0.70]
	at org.apache.catalina.core.ContainerBase$StartChild.call(ContainerBase.java:1393) ~[tomcat-embed-core-9.0.70.jar:9.0.70]
	at org.apache.catalina.core.ContainerBase$StartChild.call(ContainerBase.java:1383) ~[tomcat-embed-core-9.0.70.jar:9.0.70]
	at java.base/java.util.concurrent.FutureTask.run(FutureTask.java:264) ~[na:na]
	at org.apache.tomcat.util.threads.InlineExecutorService.execute(InlineExecutorService.java:75) ~[tomcat-embed-core-9.0.70.jar:9.0.70]
	at java.base/java.util.concurrent.AbstractExecutorService.submit(AbstractExecutorService.java:140) ~[na:na]
	at org.apache.catalina.core.ContainerBase.startInternal(ContainerBase.java:916) ~[tomcat-embed-core-9.0.70.jar:9.0.70]
	at org.apache.catalina.core.StandardEngine.startInternal(StandardEngine.java:265) ~[tomcat-embed-core-9.0.70.jar:9.0.70]
	at org.apache.catalina.util.LifecycleBase.start(LifecycleBase.java:183) ~[tomcat-embed-core-9.0.70.jar:9.0.70]
	at org.apache.catalina.core.StandardService.startInternal(StandardService.java:430) ~[tomcat-embed-core-9.0.70.jar:9.0.70]
	at org.apache.catalina.util.LifecycleBase.start(LifecycleBase.java:183) ~[tomcat-embed-core-9.0.70.jar:9.0.70]
	at org.apache.catalina.core.StandardServer.startInternal(StandardServer.java:930) ~[tomcat-embed-core-9.0.70.jar:9.0.70]
	at org.apache.catalina.util.LifecycleBase.start(LifecycleBase.java:183) ~[tomcat-embed-core-9.0.70.jar:9.0.70]
	at org.apache.catalina.startup.Tomcat.start(Tomcat.java:486) ~[tomcat-embed-core-9.0.70.jar:9.0.70]
	at org.springframework.boot.web.embedded.tomcat.TomcatWebServer.initialize(TomcatWebServer.java:123) ~[spring-boot-2.7.7.jar:2.7.7]
	... 74 common frames omitted
Caused by: org.springframework.beans.factory.UnsatisfiedDependencyException: Error creating bean with name 'customUserDetailsService' defined in file [C:\Users\Мария\Desktop\barbecueshop\target\classes\com\diplomproject\barbecueshop\services\userDetails\CustomUserDetailsService.class]: Unsatisfied dependency expressed through constructor parameter 0; nested exception is org.springframework.beans.factory.BeanCreationException: Error creating bean with name 'userRepository' defined in com.diplomproject.barbecueshop.repository.UserRepository defined in @EnableJpaRepositories declared on JpaRepositoriesRegistrar.EnableJpaRepositoriesConfiguration: Invocation of init method failed; nested exception is org.springframework.data.repository.query.QueryCreationException: Could not create query for public abstract com.diplomproject.barbecueshop.model.User com.diplomproject.barbecueshop.repository.UserRepository.findUserByLoginAndDeletedFalse(java.lang.String); Reason: Failed to create query for method public abstract com.diplomproject.barbecueshop.model.User com.diplomproject.barbecueshop.repository.UserRepository.findUserByLoginAndDeletedFalse(java.lang.String)! Unable to locate Attribute  with the the given name [deleted] on this ManagedType [com.diplomproject.barbecueshop.model.GenericModel]; nested exception is java.lang.IllegalArgumentException: Failed to create query for method public abstract com.diplomproject.barbecueshop.model.User com.diplomproject.barbecueshop.repository.UserRepository.findUserByLoginAndDeletedFalse(java.lang.String)! Unable to locate Attribute  with the the given name [deleted] on this ManagedType [com.diplomproject.barbecueshop.model.GenericModel]
	at org.springframework.beans.factory.support.ConstructorResolver.createArgumentArray(ConstructorResolver.java:800) ~[spring-beans-5.3.24.jar:5.3.24]
	at org.springframework.beans.factory.support.ConstructorResolver.autowireConstructor(ConstructorResolver.java:229) ~[spring-beans-5.3.24.jar:5.3.24]
	at org.springframework.beans.factory.support.AbstractAutowireCapableBeanFactory.autowireConstructor(AbstractAutowireCapableBeanFactory.java:1372) ~[spring-beans-5.3.24.jar:5.3.24]
	at org.springframework.beans.factory.support.AbstractAutowireCapableBeanFactory.createBeanInstance(AbstractAutowireCapableBeanFactory.java:1222) ~[spring-beans-5.3.24.jar:5.3.24]
	at org.springframework.beans.factory.support.AbstractAutowireCapableBeanFactory.doCreateBean(AbstractAutowireCapableBeanFactory.java:582) ~[spring-beans-5.3.24.jar:5.3.24]
	at org.springframework.beans.factory.support.AbstractAutowireCapableBeanFactory.createBean(AbstractAutowireCapableBeanFactory.java:542) ~[spring-beans-5.3.24.jar:5.3.24]
	at org.springframework.beans.factory.support.AbstractBeanFactory.lambda$doGetBean$0(AbstractBeanFactory.java:335) ~[spring-beans-5.3.24.jar:5.3.24]
	at org.springframework.beans.factory.support.DefaultSingletonBeanRegistry.getSingleton(DefaultSingletonBeanRegistry.java:234) ~[spring-beans-5.3.24.jar:5.3.24]
	at org.springframework.beans.factory.support.AbstractBeanFactory.doGetBean(AbstractBeanFactory.java:333) ~[spring-beans-5.3.24.jar:5.3.24]
	at org.springframework.beans.factory.support.AbstractBeanFactory.getBean(AbstractBeanFactory.java:208) ~[spring-beans-5.3.24.jar:5.3.24]
	at org.springframework.beans.factory.config.DependencyDescriptor.resolveCandidate(DependencyDescriptor.java:276) ~[spring-beans-5.3.24.jar:5.3.24]
	at org.springframework.beans.factory.support.DefaultListableBeanFactory.doResolveDependency(DefaultListableBeanFactory.java:1391) ~[spring-beans-5.3.24.jar:5.3.24]
	at org.springframework.beans.factory.support.DefaultListableBeanFactory.resolveDependency(DefaultListableBeanFactory.java:1311) ~[spring-beans-5.3.24.jar:5.3.24]
	at org.springframework.beans.factory.support.ConstructorResolver.resolveAutowiredArgument(ConstructorResolver.java:887) ~[spring-beans-5.3.24.jar:5.3.24]
	at org.springframework.beans.factory.support.ConstructorResolver.createArgumentArray(ConstructorResolver.java:791) ~[spring-beans-5.3.24.jar:5.3.24]
	... 115 common frames omitted
Caused by: org.springframework.beans.factory.BeanCreationException: Error creating bean with name 'userRepository' defined in com.diplomproject.barbecueshop.repository.UserRepository defined in @EnableJpaRepositories declared on JpaRepositoriesRegistrar.EnableJpaRepositoriesConfiguration: Invocation of init method failed; nested exception is org.springframework.data.repository.query.QueryCreationException: Could not create query for public abstract com.diplomproject.barbecueshop.model.User com.diplomproject.barbecueshop.repository.UserRepository.findUserByLoginAndDeletedFalse(java.lang.String); Reason: Failed to create query for method public abstract com.diplomproject.barbecueshop.model.User com.diplomproject.barbecueshop.repository.UserRepository.findUserByLoginAndDeletedFalse(java.lang.String)! Unable to locate Attribute  with the the given name [deleted] on this ManagedType [com.diplomproject.barbecueshop.model.GenericModel]; nested exception is java.lang.IllegalArgumentException: Failed to create query for method public abstract com.diplomproject.barbecueshop.model.User com.diplomproject.barbecueshop.repository.UserRepository.findUserByLoginAndDeletedFalse(java.lang.String)! Unable to locate Attribute  with the the given name [deleted] on this ManagedType [com.diplomproject.barbecueshop.model.GenericModel]
	at org.springframework.beans.factory.support.AbstractAutowireCapableBeanFactory.initializeBean(AbstractAutowireCapableBeanFactory.java:1804) ~[spring-beans-5.3.24.jar:5.3.24]
	at org.springframework.beans.factory.support.AbstractAutowireCapableBeanFactory.doCreateBean(AbstractAutowireCapableBeanFactory.java:620) ~[spring-beans-5.3.24.jar:5.3.24]
	at org.springframework.beans.factory.support.AbstractAutowireCapableBeanFactory.createBean(AbstractAutowireCapableBeanFactory.java:542) ~[spring-beans-5.3.24.jar:5.3.24]
	at org.springframework.beans.factory.support.AbstractBeanFactory.lambda$doGetBean$0(AbstractBeanFactory.java:335) ~[spring-beans-5.3.24.jar:5.3.24]
	at org.springframework.beans.factory.support.DefaultSingletonBeanRegistry.getSingleton(DefaultSingletonBeanRegistry.java:234) ~[spring-beans-5.3.24.jar:5.3.24]
	at org.springframework.beans.factory.support.AbstractBeanFactory.doGetBean(AbstractBeanFactory.java:333) ~[spring-beans-5.3.24.jar:5.3.24]
	at org.springframework.beans.factory.support.AbstractBeanFactory.getBean(AbstractBeanFactory.java:208) ~[spring-beans-5.3.24.jar:5.3.24]
	at org.springframework.beans.factory.config.DependencyDescriptor.resolveCandidate(DependencyDescriptor.java:276) ~[spring-beans-5.3.24.jar:5.3.24]
	at org.springframework.beans.factory.support.DefaultListableBeanFactory.doResolveDependency(DefaultListableBeanFactory.java:1391) ~[spring-beans-5.3.24.jar:5.3.24]
	at org.springframework.beans.factory.support.DefaultListableBeanFactory.resolveDependency(DefaultListableBeanFactory.java:1311) ~[spring-beans-5.3.24.jar:5.3.24]
	at org.springframework.beans.factory.support.ConstructorResolver.resolveAutowiredArgument(ConstructorResolver.java:887) ~[spring-beans-5.3.24.jar:5.3.24]
	at org.springframework.beans.factory.support.ConstructorResolver.createArgumentArray(ConstructorResolver.java:791) ~[spring-beans-5.3.24.jar:5.3.24]
	... 129 common frames omitted
Caused by: org.springframework.data.repository.query.QueryCreationException: Could not create query for public abstract com.diplomproject.barbecueshop.model.User com.diplomproject.barbecueshop.repository.UserRepository.findUserByLoginAndDeletedFalse(java.lang.String); Reason: Failed to create query for method public abstract com.diplomproject.barbecueshop.model.User com.diplomproject.barbecueshop.repository.UserRepository.findUserByLoginAndDeletedFalse(java.lang.String)! Unable to locate Attribute  with the the given name [deleted] on this ManagedType [com.diplomproject.barbecueshop.model.GenericModel]; nested exception is java.lang.IllegalArgumentException: Failed to create query for method public abstract com.diplomproject.barbecueshop.model.User com.diplomproject.barbecueshop.repository.UserRepository.findUserByLoginAndDeletedFalse(java.lang.String)! Unable to locate Attribute  with the the given name [deleted] on this ManagedType [com.diplomproject.barbecueshop.model.GenericModel]
	at org.springframework.data.repository.query.QueryCreationException.create(QueryCreationException.java:101) ~[spring-data-commons-2.7.6.jar:2.7.6]
	at org.springframework.data.repository.core.support.QueryExecutorMethodInterceptor.lookupQuery(QueryExecutorMethodInterceptor.java:107) ~[spring-data-commons-2.7.6.jar:2.7.6]
	at org.springframework.data.repository.core.support.QueryExecutorMethodInterceptor.lambda$mapMethodsToQuery$1(QueryExecutorMethodInterceptor.java:95) ~[spring-data-commons-2.7.6.jar:2.7.6]
	at java.base/java.util.stream.ReferencePipeline$3$1.accept(ReferencePipeline.java:195) ~[na:na]
	at java.base/java.util.Iterator.forEachRemaining(Iterator.java:133) ~[na:na]
	at java.base/java.util.Collections$UnmodifiableCollection$1.forEachRemaining(Collections.java:1054) ~[na:na]
	at java.base/java.util.Spliterators$IteratorSpliterator.forEachRemaining(Spliterators.java:1801) ~[na:na]
	at java.base/java.util.stream.AbstractPipeline.copyInto(AbstractPipeline.java:484) ~[na:na]
	at java.base/java.util.stream.AbstractPipeline.wrapAndCopyInto(AbstractPipeline.java:474) ~[na:na]
	at java.base/java.util.stream.ReduceOps$ReduceOp.evaluateSequential(ReduceOps.java:913) ~[na:na]
	at java.base/java.util.stream.AbstractPipeline.evaluate(AbstractPipeline.java:234) ~[na:na]
	at java.base/java.util.stream.ReferencePipeline.collect(ReferencePipeline.java:578) ~[na:na]
	at org.springframework.data.repository.core.support.QueryExecutorMethodInterceptor.mapMethodsToQuery(QueryExecutorMethodInterceptor.java:97) ~[spring-data-commons-2.7.6.jar:2.7.6]
	at org.springframework.data.repository.core.support.QueryExecutorMethodInterceptor.lambda$new$0(QueryExecutorMethodInterceptor.java:87) ~[spring-data-commons-2.7.6.jar:2.7.6]
	at java.base/java.util.Optional.map(Optional.java:258) ~[na:na]
	at org.springframework.data.repository.core.support.QueryExecutorMethodInterceptor.<init>(QueryExecutorMethodInterceptor.java:87) ~[spring-data-commons-2.7.6.jar:2.7.6]
	at org.springframework.data.repository.core.support.RepositoryFactorySupport.getRepository(RepositoryFactorySupport.java:365) ~[spring-data-commons-2.7.6.jar:2.7.6]
	at org.springframework.data.repository.core.support.RepositoryFactoryBeanSupport.lambda$afterPropertiesSet$5(RepositoryFactoryBeanSupport.java:323) ~[spring-data-commons-2.7.6.jar:2.7.6]
	at org.springframework.data.util.Lazy.getNullable(Lazy.java:231) ~[spring-data-commons-2.7.6.jar:2.7.6]
	at org.springframework.data.util.Lazy.get(Lazy.java:115) ~[spring-data-commons-2.7.6.jar:2.7.6]
	at org.springframework.data.repository.core.support.RepositoryFactoryBeanSupport.afterPropertiesSet(RepositoryFactoryBeanSupport.java:329) ~[spring-data-commons-2.7.6.jar:2.7.6]
	at org.springframework.data.jpa.repository.support.JpaRepositoryFactoryBean.afterPropertiesSet(JpaRepositoryFactoryBean.java:144) ~[spring-data-jpa-2.7.6.jar:2.7.6]
	at org.springframework.beans.factory.support.AbstractAutowireCapableBeanFactory.invokeInitMethods(AbstractAutowireCapableBeanFactory.java:1863) ~[spring-beans-5.3.24.jar:5.3.24]
	at org.springframework.beans.factory.support.AbstractAutowireCapableBeanFactory.initializeBean(AbstractAutowireCapableBeanFactory.java:1800) ~[spring-beans-5.3.24.jar:5.3.24]
	... 140 common frames omitted
Caused by: java.lang.IllegalArgumentException: Failed to create query for method public abstract com.diplomproject.barbecueshop.model.User com.diplomproject.barbecueshop.repository.UserRepository.findUserByLoginAndDeletedFalse(java.lang.String)! Unable to locate Attribute  with the the given name [deleted] on this ManagedType [com.diplomproject.barbecueshop.model.GenericModel]
	at org.springframework.data.jpa.repository.query.PartTreeJpaQuery.<init>(PartTreeJpaQuery.java:96) ~[spring-data-jpa-2.7.6.jar:2.7.6]
	at org.springframework.data.jpa.repository.query.JpaQueryLookupStrategy$CreateQueryLookupStrategy.resolveQuery(JpaQueryLookupStrategy.java:119) ~[spring-data-jpa-2.7.6.jar:2.7.6]
	at org.springframework.data.jpa.repository.query.JpaQueryLookupStrategy$CreateIfNotFoundQueryLookupStrategy.resolveQuery(JpaQueryLookupStrategy.java:259) ~[spring-data-jpa-2.7.6.jar:2.7.6]
	at org.springframework.data.jpa.repository.query.JpaQueryLookupStrategy$AbstractQueryLookupStrategy.resolveQuery(JpaQueryLookupStrategy.java:93) ~[spring-data-jpa-2.7.6.jar:2.7.6]
	at org.springframework.data.repository.core.support.QueryExecutorMethodInterceptor.lookupQuery(QueryExecutorMethodInterceptor.java:103) ~[spring-data-commons-2.7.6.jar:2.7.6]
	... 162 common frames omitted
Caused by: java.lang.IllegalArgumentException: Unable to locate Attribute  with the the given name [deleted] on this ManagedType [com.diplomproject.barbecueshop.model.GenericModel]
	at org.hibernate.metamodel.model.domain.internal.AbstractManagedType.checkNotNull(AbstractManagedType.java:148) ~[hibernate-core-5.6.14.Final.jar:5.6.14.Final]
	at org.hibernate.metamodel.model.domain.internal.AbstractManagedType.getAttribute(AbstractManagedType.java:119) ~[hibernate-core-5.6.14.Final.jar:5.6.14.Final]
	at org.hibernate.metamodel.model.domain.internal.AbstractManagedType.getAttribute(AbstractManagedType.java:117) ~[hibernate-core-5.6.14.Final.jar:5.6.14.Final]
	at org.hibernate.metamodel.model.domain.internal.AbstractManagedType.getAttribute(AbstractManagedType.java:44) ~[hibernate-core-5.6.14.Final.jar:5.6.14.Final]
	at org.springframework.data.jpa.repository.query.QueryUtils.requiresOuterJoin(QueryUtils.java:804) ~[spring-data-jpa-2.7.6.jar:2.7.6]
	at org.springframework.data.jpa.repository.query.QueryUtils.toExpressionRecursively(QueryUtils.java:745) ~[spring-data-jpa-2.7.6.jar:2.7.6]
	at org.springframework.data.jpa.repository.query.QueryUtils.toExpressionRecursively(QueryUtils.java:724) ~[spring-data-jpa-2.7.6.jar:2.7.6]
	at org.springframework.data.jpa.repository.query.QueryUtils.toExpressionRecursively(QueryUtils.java:720) ~[spring-data-jpa-2.7.6.jar:2.7.6]
	at org.springframework.data.jpa.repository.query.JpaQueryCreator$PredicateBuilder.getTypedPath(JpaQueryCreator.java:394) ~[spring-data-jpa-2.7.6.jar:2.7.6]
	at org.springframework.data.jpa.repository.query.JpaQueryCreator$PredicateBuilder.build(JpaQueryCreator.java:313) ~[spring-data-jpa-2.7.6.jar:2.7.6]
	at org.springframework.data.jpa.repository.query.JpaQueryCreator.toPredicate(JpaQueryCreator.java:217) ~[spring-data-jpa-2.7.6.jar:2.7.6]
	at org.springframework.data.jpa.repository.query.JpaQueryCreator.and(JpaQueryCreator.java:134) ~[spring-data-jpa-2.7.6.jar:2.7.6]
	at org.springframework.data.jpa.repository.query.JpaQueryCreator.and(JpaQueryCreator.java:60) ~[spring-data-jpa-2.7.6.jar:2.7.6]
	at org.springframework.data.repository.query.parser.AbstractQueryCreator.createCriteria(AbstractQueryCreator.java:123) ~[spring-data-commons-2.7.6.jar:2.7.6]
	at org.springframework.data.repository.query.parser.AbstractQueryCreator.createQuery(AbstractQueryCreator.java:96) ~[spring-data-commons-2.7.6.jar:2.7.6]
	at org.springframework.data.repository.query.parser.AbstractQueryCreator.createQuery(AbstractQueryCreator.java:82) ~[spring-data-commons-2.7.6.jar:2.7.6]
	at org.springframework.data.jpa.repository.query.PartTreeJpaQuery$QueryPreparer.<init>(PartTreeJpaQuery.java:217) ~[spring-data-jpa-2.7.6.jar:2.7.6]
	at org.springframework.data.jpa.repository.query.PartTreeJpaQuery$CountQueryPreparer.<init>(PartTreeJpaQuery.java:348) ~[spring-data-jpa-2.7.6.jar:2.7.6]
	at org.springframework.data.jpa.repository.query.PartTreeJpaQuery.<init>(PartTreeJpaQuery.java:91) ~[spring-data-jpa-2.7.6.jar:2.7.6]
	... 166 common frames omitted

]]></system-out>
  </testcase>
</testsuite>